[I 2026-07-24 21:35:35,263] Trial 20 finished with value: 2e+30 and parameters: {'As': 2.3877080722521606, 'ns': 1.0385227324654995, 'tau': 0.04964496645516058}. Best is trial 14 with value: 5105.152950322323.
[I 2026-07-24 21:35:54,394] Trial 21 finished with value: 4773.497847739587 and parameters: {'As': 2.189806977390393, 'ns': 0.9588777503481333, 'tau': 0.07895603036198481}. Best is trial 21 with value: 4773.497847739587.
[I 2026-07-24 21:36:13,428] Trial 22 finished with value: 4646.079004987212 and parameters: {'As': 2.139516774207222, 'ns': 0.9598891529132799, 'tau': 0.06612358217800521}. Best is trial 22 with value: 4646.079004987212.
[I 2026-07-24 21:36:32,414] Trial 23 finished with value: 6768.149552018064 and parameters: {'As': 2.07945318779398, 'ns': 0.9494765363011917, 'tau': 0.0655828694993642}. Best is trial 22 with value: 4646.079004987212.
[I 2026-07-24 21:36:51,428] Trial 24 finished with value: 2e+30 and parameters: {'As': 2.0982540367962104, 'ns': 0.9897658915945089, 'tau': 0.07190894175467792}. Best is trial 22 with value: 4646.079004987212.
[I 2026-07-24 21:37:10,435] Trial 25 finished with value: 27301.604617591496 and parameters: {'As': 1.907601705908433, 'ns': 0.9271138575196993, 'tau': 0.07973767401881082}. Best is trial 22 with value: 4646.079004987212.
[I 2026-07-24 21:37:29,484] Trial 26 finished with value: 18025.901014389183 and parameters: {'As': 2.424471182503176, 'ns': 0.9819693279722157, 'tau': 0.06028337104813628}. Best is trial 22 with value: 4646.079004987212.
[I 2026-07-24 21:37:48,555] Trial 27 finished with value: 17221.54459980732 and parameters: {'As': 1.9235243451281314, 'ns': 0.9580427251166539, 'tau': 0.06712023436674681}. Best is trial 22 with value: 4646.079004987212.
[I 2026-07-24 21:38:07,627] Trial 28 finished with value: 2e+30 and parameters: {'As': 1.5088942084248393, 'ns': 0.9963207759055766, 'tau': 0.07352315090246}. Best is trial 22 with value: 4646.079004987212.
[I 2026-07-24 21:38:26,663] Trial 29 finished with value: 2e+30 and parameters: {'As': 1.7840755296532809, 'ns': 1.013931893154328, 'tau': 0.06452228934858871}. Best is trial 22 with value: 4646.079004987212.
[I 2026-07-24 21:38:45,809] Trial 30 finished with value: 4178.979485893931 and parameters: {'As': 2.1806821877025677, 'ns': 0.9506839184983303, 'tau': 0.06122404050488285}. Best is trial 30 with value: 4178.979485893931.
[I 2026-07-24 21:39:05,000] Trial 31 finished with value: 4220.542425966512 and parameters: {'As': 2.1712865613600507, 'ns': 0.9492893286855022, 'tau': 0.06145275155922689}. Best is trial 30 with value: 4178.979485893931.
[I 2026-07-24 21:39:24,129] Trial 32 finished with value: 5271.851912065287 and parameters: {'As': 2.1258516385689137, 'ns': 0.935509186858413, 'tau': 0.06178236472464057}. Best is trial 30 with value: 4178.979485893931.
[I 2026-07-24 21:39:43,087] Trial 33 finished with value: 8139.6939540089215 and parameters: {'As': 2.388781453994813, 'ns': 0.9204803927083539, 'tau': 0.0679954817793468}. Best is trial 30 with value: 4178.979485893931.
[I 2026-07-24 21:40:01,919] Trial 34 finished with value: 28421.842829051246 and parameters: {'As': 2.532441304319613, 'ns': 0.9503589416118333, 'tau': 0.05644383159833115}. Best is trial 30 with value: 4178.979485893931.
[I 2026-07-24 21:40:20,865] Trial 35 finished with value: 39752.295226199116 and parameters: {'As': 1.7876413323427898, 'ns': 0.9396439594435869, 'tau': 0.07522566769415073}. Best is trial 30 with value: 4178.979485893931.
[I 2026-07-24 21:40:39,843] Trial 36 finished with value: 4411.722862648278 and parameters: {'As': 2.1556015083117233, 'ns': 0.951207585468212, 'tau': 0.06370639656845878}. Best is trial 30 with value: 4178.979485893931.
[I 2026-07-24 21:40:58,706] Trial 37 finished with value: 80632.05504333314 and parameters: {'As': 2.819436378132561, 'ns': 0.9760781503956945, 'tau': 0.06248198431550019}. Best is trial 30 with value: 4178.979485893931.
[I 2026-07-24 21:41:17,596] Trial 38 finished with value: 7968.569478533569 and parameters: {'As': 2.3651749315069526, 'ns': 0.9215099423692671, 'tau': 0.06383792531806336}. Best is trial 30 with value: 4178.979485893931.
[I 2026-07-24 21:41:36,474] Trial 39 finished with value: 18962.83103746405 and parameters: {'As': 2.4760697357771333, 'ns': 0.9475064871845764, 'tau': 0.0609088120962436}. Best is trial 30 with value: 4178.979485893931.
[I 2026-07-24 21:41:55,391] Trial 40 finished with value: 11016.160147283495 and parameters: {'As': 1.948995316081735, 'ns': 0.9115704465680285, 'tau': 0.04126594529074803}. Best is trial 30 with value: 4178.979485893931.
[I 2026-07-24 21:42:14,402] Trial 41 finished with value: 4341.196824080685 and parameters: {'As': 2.1855280223285156, 'ns': 0.9564204335392917, 'tau': 0.07101248011347829}. Best is trial 30 with value: 4178.979485893931.
[I 2026-07-24 21:42:33,404] Trial 42 finished with value: 26988.356739803683 and parameters: {'As': 2.6037519284308446, 'ns': 0.9369709333708193, 'tau': 0.06986182777102391}. Best is trial 30 with value: 4178.979485893931.
[I 2026-07-24 21:42:52,405] Trial 43 finished with value: 10621.01304772495 and parameters: {'As': 2.0153001549182763, 'ns': 0.9541086484471862, 'tau': 0.06857083975190853}. Best is trial 30 with value: 4178.979485893931.
[I 2026-07-24 21:43:11,389] Trial 44 finished with value: 5807.954568834861 and parameters: {'As': 2.1099847299108183, 'ns': 0.9677269876570409, 'tau': 0.07156759564909641}. Best is trial 30 with value: 4178.979485893931.
[I 2026-07-24 21:43:30,516] Trial 45 finished with value: 6688.712431183786 and parameters: {'As': 2.3234678071085058, 'ns': 0.9412955816071541, 'tau': 0.06407719251568093}. Best is trial 30 with value: 4178.979485893931.
[I 2026-07-24 21:43:49,600] Trial 46 finished with value: 4720.030712991592 and parameters: {'As': 2.2218850734806272, 'ns': 0.9860081325886778, 'tau': 0.06594557075519539}. Best is trial 30 with value: 4178.979485893931.
[I 2026-07-24 21:44:08,680] Trial 47 finished with value: 47578.902610502955 and parameters: {'As': 2.700401324309839, 'ns': 0.9264848956625741, 'tau': 0.05939732261124169}. Best is trial 30 with value: 4178.979485893931.
[I 2026-07-24 21:44:27,726] Trial 48 finished with value: 285898.19947253604 and parameters: {'As': 3.3816188864884706, 'ns': 0.9702198474689976, 'tau': 0.054885813337902815}. Best is trial 30 with value: 4178.979485893931.
[I 2026-07-24 21:44:46,758] Trial 49 finished with value: 2e+30 and parameters: {'As': 2.1573457636694293, 'ns': 1.0103642015284653, 'tau': 0.073111827770586}. Best is trial 30 with value: 4178.979485893931.
[I 2026-07-24 21:45:05,837] Trial 50 finished with value: 2e+30 and parameters: {'As': 1.8747597930220081, 'ns': 1.040253298313094, 'tau': 0.07644056316087365}. Best is trial 30 with value: 4178.979485893931.
[I 2026-07-24 21:45:24,886] Trial 51 finished with value: 5644.010463962881 and parameters: {'As': 2.2651123667631303, 'ns': 0.9807100398031611, 'tau': 0.06611129508754106}. Best is trial 30 with value: 4178.979485893931.
[I 2026-07-24 21:45:43,983] Trial 52 finished with value: 4357.483499593621 and parameters: {'As': 2.208875278181315, 'ns': 0.9872759534191362, 'tau': 0.06886163585829179}. Best is trial 30 with value: 4178.979485893931.
[I 2026-07-24 21:46:03,178] Trial 53 finished with value: 10047.59622106537 and parameters: {'As': 2.025023847733683, 'ns': 0.9541979706569063, 'tau': 0.06880411777466826}. Best is trial 30 with value: 4178.979485893931.
[I 2026-07-24 21:46:22,294] Trial 54 finished with value: 24998.213631243725 and parameters: {'As': 2.493677482295165, 'ns': 0.9632641679538934, 'tau': 0.057024627511779176}. Best is trial 30 with value: 4178.979485893931.
[I 2026-07-24 21:46:41,370] Trial 55 finished with value: 7169.96024976152 and parameters: {'As': 2.3214576037228616, 'ns': 0.9469100971578998, 'tau': 0.06218956444824654}. Best is trial 30 with value: 4178.979485893931.
[I 2026-07-24 21:47:00,435] Trial 56 finished with value: 4442.142642728727 and parameters: {'As': 2.191632158008182, 'ns': 0.9325145640739559, 'tau': 0.06358503341074932}. Best is trial 30 with value: 4178.979485893931.
[I 2026-07-24 21:47:19,573] Trial 57 finished with value: 8651.976376412016 and parameters: {'As': 1.992396161355662, 'ns': 0.9359217096497568, 'tau': 0.04978893698617565}. Best is trial 30 with value: 4178.979485893931.
[I 2026-07-24 21:47:38,863] Trial 58 finished with value: 5757.704872522121 and parameters: {'As': 2.188638291347667, 'ns': 0.9098037432250928, 'tau': 0.07063812708595153}. Best is trial 30 with value: 4178.979485893931.
[I 2026-07-24 21:47:57,951] Trial 59 finished with value: 8369.615832886348 and parameters: {'As': 2.0531428377401713, 'ns': 0.9185086508234033, 'tau': 0.05832954400078695}. Best is trial 30 with value: 4178.979485893931.
[I 2026-07-24 21:48:17,022] Trial 60 finished with value: 21243.689961597007 and parameters: {'As': 2.444500852642153, 'ns': 1.0056656538397102, 'tau': 0.06442318536503376}. Best is trial 30 with value: 4178.979485893931.
[I 2026-07-24 21:48:36,067] Trial 61 finished with value: 4737.502431104856 and parameters: {'As': 2.143559794228719, 'ns': 0.9574565057803384, 'tau': 0.06748113175292647}. Best is trial 30 with value: 4178.979485893931.
[I 2026-07-24 21:48:55,358] Trial 62 finished with value: 4498.711014062077 and parameters: {'As': 2.235796707862998, 'ns': 0.9334762761961661, 'tau': 0.06314113954505178}. Best is trial 30 with value: 4178.979485893931.
[I 2026-07-24 21:49:14,545] Trial 63 finished with value: 4944.706751648442 and parameters: {'As': 2.256049533905082, 'ns': 0.9287583352687038, 'tau': 0.0606073687931452}. Best is trial 30 with value: 4178.979485893931.
[I 2026-07-24 21:49:33,771] Trial 64 finished with value: 7426.219771838768 and parameters: {'As': 2.3326014714874206, 'ns': 0.9435198383005151, 'tau': 0.0627718794498738}. Best is trial 30 with value: 4178.979485893931.
[I 2026-07-24 21:49:52,971] Trial 65 finished with value: 4368.0590044569735 and parameters: {'As': 2.2183298978856945, 'ns': 0.9335645084320835, 'tau': 0.06492383508340924}. Best is trial 30 with value: 4178.979485893931.
[I 2026-07-24 21:50:12,231] Trial 66 finished with value: 2e+30 and parameters: {'As': 1.8543702703125624, 'ns': 0.9718614306721803, 'tau': 0.07190385663415763}. Best is trial 30 with value: 4178.979485893931.
[I 2026-07-24 21:50:31,491] Trial 67 finished with value: 8988.546367774645 and parameters: {'As': 1.981850323132953, 'ns': 0.9514815708598052, 'tau': 0.052862041087928004}. Best is trial 30 with value: 4178.979485893931.
[I 2026-07-24 21:50:50,808] Trial 68 finished with value: 5192.57746153299 and parameters: {'As': 2.2045346722295522, 'ns': 0.9054229139836442, 'tau': 0.0650581481828404}. Best is trial 30 with value: 4178.979485893931.
[I 2026-07-24 21:51:10,090] Trial 69 finished with value: 9260.623105240826 and parameters: {'As': 2.0786281024043896, 'ns': 0.9204813867768749, 'tau': 0.06925120076489528}. Best is trial 30 with value: 4178.979485893931.
[I 2026-07-24 21:51:29,307] Trial 70 finished with value: 40086.96910383729 and parameters: {'As': 2.568126627935798, 'ns': 0.9941293546637814, 'tau': 0.05834476440520416}. Best is trial 30 with value: 4178.979485893931.
[I 2026-07-24 21:51:48,577] Trial 71 finished with value: 4962.756049957353 and parameters: {'As': 2.2692743400034754, 'ns': 0.9335302603955817, 'tau': 0.06362165509084446}. Best is trial 30 with value: 4178.979485893931.
[I 2026-07-24 21:52:07,872] Trial 72 finished with value: 12723.391797166845 and parameters: {'As': 2.412472249870586, 'ns': 0.9439112387025844, 'tau': 0.06153111443070398}. Best is trial 30 with value: 4178.979485893931.
[I 2026-07-24 21:52:27,118] Trial 73 finished with value: 4530.203061880453 and parameters: {'As': 2.199826955798886, 'ns': 0.9318541708781483, 'tau': 0.0674534716443679}. Best is trial 30 with value: 4178.979485893931.
[I 2026-07-24 21:52:46,451] Trial 74 finished with value: 7244.026626183471 and parameters: {'As': 2.0709769593631933, 'ns': 0.9276071854023914, 'tau': 0.059738615296972865}. Best is trial 30 with value: 4178.979485893931.
[I 2026-07-24 21:53:05,558] Trial 75 finished with value: 9000.685232872438 and parameters: {'As': 2.351886082280827, 'ns': 0.9169718985462715, 'tau': 0.056016360803218514}. Best is trial 30 with value: 4178.979485893931.
[I 2026-07-24 21:53:24,834] Trial 76 finished with value: 5914.627740148775 and parameters: {'As': 2.1460800204285544, 'ns': 0.94243255582616, 'tau': 0.07394898271074209}. Best is trial 30 with value: 4178.979485893931.
[I 2026-07-24 21:53:43,972] Trial 77 finished with value: 6286.650251641033 and parameters: {'As': 2.283506895479268, 'ns': 0.9782139390875436, 'tau': 0.06551679512564565}. Best is trial 30 with value: 4178.979485893931.
[I 2026-07-24 21:54:03,040] Trial 78 finished with value: 17293.225961878958 and parameters: {'As': 1.9558871852479862, 'ns': 0.9380537892936027, 'tau': 0.07065525696316445}. Best is trial 30 with value: 4178.979485893931.
[I 2026-07-24 21:54:22,242] Trial 79 finished with value: 155184.46872720052 and parameters: {'As': 3.106939381425612, 'ns': 0.9646046560022049, 'tau': 0.06320552343234463}. Best is trial 30 with value: 4178.979485893931.
[I 2026-07-24 21:54:41,633] Trial 80 finished with value: 4870.690899635939 and parameters: {'As': 2.1167790224235286, 'ns': 0.9533524031233752, 'tau': 0.06146309410707213}. Best is trial 30 with value: 4178.979485893931.
[I 2026-07-24 21:55:00,746] Trial 81 finished with value: 4406.191184224111 and parameters: {'As': 2.23636098888485, 'ns': 0.9318854909999473, 'tau': 0.0673790346702337}. Best is trial 30 with value: 4178.979485893931.
[I 2026-07-24 21:55:19,849] Trial 82 finished with value: 4325.686018033922 and parameters: {'As': 2.2355810545666572, 'ns': 0.9466544503835893, 'tau': 0.06666706300502984}. Best is trial 30 with value: 4178.979485893931.
[I 2026-07-24 21:55:38,999] Trial 83 finished with value: 5062.255286216317 and parameters: {'As': 2.1761389420342137, 'ns': 0.9244310492494726, 'tau': 0.06694357823542843}. Best is trial 30 with value: 4178.979485893931.
[I 2026-07-24 21:55:58,086] Trial 84 finished with value: 8520.661166260905 and parameters: {'As': 2.3730111971512597, 'ns': 0.9498904821037986, 'tau': 0.0680450823868945}. Best is trial 30 with value: 4178.979485893931.
[I 2026-07-24 21:56:17,525] Trial 85 finished with value: 5669.141256063037 and parameters: {'As': 2.3062811883380028, 'ns': 0.9604170883178875, 'tau': 0.07009734203806378}. Best is trial 30 with value: 4178.979485893931.
[I 2026-07-24 21:56:36,650] Trial 86 finished with value: 2e+30 and parameters: {'As': 2.0371489001632046, 'ns': 1.0308062018155288, 'tau': 0.06621323633521446}. Best is trial 30 with value: 4178.979485893931.
[I 2026-07-24 21:56:55,802] Trial 87 finished with value: 15288.557411654641 and parameters: {'As': 2.4580070542423367, 'ns': 0.9455298196656722, 'tau': 0.0648095694758231}. Best is trial 30 with value: 4178.979485893931.
[I 2026-07-24 21:57:14,960] Trial 88 finished with value: 2e+30 and parameters: {'As': 2.245343899945658, 'ns': 1.094343200744842, 'tau': 0.0730313833559713}. Best is trial 30 with value: 4178.979485893931.
[I 2026-07-24 21:57:34,115] Trial 89 finished with value: 7771.247121609565 and parameters: {'As': 2.1158523515454246, 'ns': 0.9134785952301984, 'tau': 0.06874881480137535}. Best is trial 30 with value: 4178.979485893931.
[I 2026-07-24 21:57:53,287] Trial 90 finished with value: 2e+30 and parameters: {'As': 2.1702987355633607, 'ns': 1.0625472906263311, 'tau': 0.07495609516764773}. Best is trial 30 with value: 4178.979485893931.
[I 2026-07-24 21:58:12,385] Trial 91 finished with value: 9283.959370879407 and parameters: {'As': 2.2336546216293414, 'ns': 0.9339696490601689, 'tau': 0.03150004439614098}. Best is trial 30 with value: 4178.979485893931.
[I 2026-07-24 21:58:31,446] Trial 92 finished with value: 4415.882869550071 and parameters: {'As': 2.2286481820178086, 'ns': 0.9389535374374647, 'tau': 0.06300431224969774}. Best is trial 30 with value: 4178.979485893931.
[I 2026-07-24 21:58:50,484] Trial 93 finished with value: 6025.876763645697 and parameters: {'As': 2.3042625724162042, 'ns': 0.9566452668831228, 'tau': 0.06653968506288616}. Best is trial 30 with value: 4178.979485893931.
[I 2026-07-24 21:59:09,586] Trial 94 finished with value: 7233.544224810696 and parameters: {'As': 2.0579070504130055, 'ns': 0.9398845968827528, 'tau': 0.060220918671576765}. Best is trial 30 with value: 4178.979485893931.
[I 2026-07-24 21:59:28,685] Trial 95 finished with value: 11061.238835132448 and parameters: {'As': 2.3997950544081537, 'ns': 0.9478315040817272, 'tau': 0.06449969567702493}. Best is trial 30 with value: 4178.979485893931.
[I 2026-07-24 21:59:47,876] Trial 96 finished with value: 4564.320879030344 and parameters: {'As': 2.196613146868831, 'ns': 0.9242676848300703, 'tau': 0.06237751132169938}. Best is trial 30 with value: 4178.979485893931.
[I 2026-07-24 22:00:07,027] Trial 97 finished with value: 5994.671382121667 and parameters: {'As': 2.101111289055503, 'ns': 0.9692188505875274, 'tau': 0.07109668638483299}. Best is trial 30 with value: 4178.979485893931.
[I 2026-07-24 22:00:26,095] Trial 98 finished with value: 9022.692853071141 and parameters: {'As': 2.342541550502448, 'ns': 0.9383705885360509, 'tau': 0.05733185800310167}. Best is trial 30 with value: 4178.979485893931.
[I 2026-07-24 22:00:45,176] Trial 99 finished with value: 2e+30 and parameters: {'As': 1.8260572743761472, 'ns': 0.9659745336342833, 'tau': 0.065407626002155}. Best is trial 30 with value: 4178.979485893931.
[I 2026-07-24 22:01:04,263] Trial 100 finished with value: 2e+30 and parameters: {'As': 1.678136587383963, 'ns': 0.9308065423083063, 'tau': 0.06931466337734807}. Best is trial 30 with value: 4178.979485893931.
[I 2026-07-24 22:01:23,488] Trial 101 finished with value: 4477.566463277834 and parameters: {'As': 2.231741493726187, 'ns': 0.931614897957118, 'tau': 0.06309718639786577}. Best is trial 30 with value: 4178.979485893931.
[I 2026-07-24 22:01:42,477] Trial 102 finished with value: 4634.8623212272805 and parameters: {'As': 2.1567813624846086, 'ns': 0.9412306277813838, 'tau': 0.06385562764034768}. Best is trial 30 with value: 4178.979485893931.
[I 2026-07-24 22:02:01,521] Trial 103 finished with value: 6129.485523620791 and parameters: {'As': 2.28566700690277, 'ns': 0.9542075793348346, 'tau': 0.06130613559979822}. Best is trial 30 with value: 4178.979485893931.
[I 2026-07-24 22:02:20,564] Trial 104 finished with value: 4221.845130142922 and parameters: {'As': 2.220788345654623, 'ns': 0.9464542143247323, 'tau': 0.06812697859009428}. Best is trial 30 with value: 4178.979485893931.
[I 2026-07-24 22:02:39,609] Trial 105 finished with value: 14665.958161987062 and parameters: {'As': 1.9843741937228265, 'ns': 0.9462374294878039, 'tau': 0.07241854010067164}. Best is trial 30 with value: 4178.979485893931.
[I 2026-07-24 22:02:58,681] Trial 106 finished with value: 17786.981600554285 and parameters: {'As': 1.927761660420003, 'ns': 0.9507266076933457, 'tau': 0.06796339515441734}. Best is trial 30 with value: 4178.979485893931.
[I 2026-07-24 22:03:17,784] Trial 107 finished with value: 27218.336888150527 and parameters: {'As': 2.524104849488178, 'ns': 0.9626129938797283, 'tau': 0.059424966295410685}. Best is trial 30 with value: 4178.979485893931.
[I 2026-07-24 22:03:36,788] Trial 108 finished with value: 5582.342919890186 and parameters: {'As': 2.146252258964209, 'ns': 0.9584411591926258, 'tau': 0.07612448331390408}. Best is trial 30 with value: 4178.979485893931.
[I 2026-07-24 22:03:55,858] Trial 109 finished with value: 11462.471904135642 and parameters: {'As': 2.0261099857639127, 'ns': 0.9366855985911285, 'tau': 0.06976142761996294}. Best is trial 30 with value: 4178.979485893931.
[I 2026-07-24 22:04:14,949] Trial 110 finished with value: 5709.749820484349 and parameters: {'As': 2.0774056413524473, 'ns': 0.984914852171948, 'tau': 0.06681504453928613}. Best is trial 30 with value: 4178.979485893931.
[I 2026-07-24 22:04:33,972] Trial 111 finished with value: 4435.744888824505 and parameters: {'As': 2.2076143532533874, 'ns': 0.9290532348155913, 'tau': 0.06287206070695053}. Best is trial 30 with value: 4178.979485893931.
[I 2026-07-24 22:04:53,096] Trial 112 finished with value: 4578.482659291782 and parameters: {'As': 2.213609076932623, 'ns': 0.9230521357109289, 'tau': 0.06546709529659461}. Best is trial 30 with value: 4178.979485893931.
[I 2026-07-24 22:05:12,206] Trial 113 finished with value: 5156.08765120865 and parameters: {'As': 2.273047036528564, 'ns': 0.9157514363213619, 'tau': 0.06201583102498161}. Best is trial 30 with value: 4178.979485893931.
[I 2026-07-24 22:05:31,275] Trial 114 finished with value: 4616.982734059466 and parameters: {'As': 2.1883772356292126, 'ns': 0.9275531269950026, 'tau': 0.06434489066213064}. Best is trial 30 with value: 4178.979485893931.
[I 2026-07-24 22:05:50,395] Trial 115 finished with value: 4887.706251192635 and parameters: {'As': 2.126016774211911, 'ns': 0.9434392028593712, 'tau': 0.06066967444495684}. Best is trial 30 with value: 4178.979485893931.
[I 2026-07-24 22:06:09,529] Trial 116 finished with value: 6792.923668212351 and parameters: {'As': 2.337431087904684, 'ns': 0.9488372767685268, 'tau': 0.06793363136314379}. Best is trial 30 with value: 4178.979485893931.
[I 2026-07-24 22:06:28,549] Trial 117 finished with value: 4497.246303177906 and parameters: {'As': 2.2487863261453005, 'ns': 0.9357473344319688, 'tau': 0.06596415359350018}. Best is trial 30 with value: 4178.979485893931.
[I 2026-07-24 22:06:47,616] Trial 118 finished with value: 12460.306553296312 and parameters: {'As': 2.3859450389015153, 'ns': 0.9547370249533907, 'tau': 0.05894909769660735}. Best is trial 30 with value: 4178.979485893931.
