Job started on cpu-q-89 at Fri 24 Jul 21:27:52 BST 2026
Loading rhel8/default-icl
  Loading requirement: rhel8/slurm singularity/current rhel8/global cuda/11.4
    vgl/2.5.1/64 intel-oneapi-compilers/2022.1.0/gcc/b6zld2mz ucx/1.15.0
    intel-oneapi-mpi/2021.6.0/intel/guxuvcpm
Setting top to                           : /rds/user/wnd22/hpc-work/Polychord_solveb/clik_installs/code/planck/code/plc_3.0/plc-3.1 
Setting out to                           : /rds/user/wnd22/hpc-work/Polychord_solveb/clik_installs/code/planck/code/plc_3.0/plc-3.1/build 
Checking for program 'gcc, cc'           : /usr/bin/gcc 
Checking for program 'ar'                : /usr/bin/ar 
Check gcc version                        : 8.5.0 
Compile a test code with gcc             : yes 
Setting architecture flag to             : ['-m64'] 
Checking for program 'ifort'             : /usr/local/software/spack/spack-views/rocky8-icelake-20220710/intel-oneapi-compilers-2022.1.0/gcc-11.3.0/b6zld2mz7cid27yloxznoidymd7vywwz/compiler/2022.1.0/linux/bin/intel64/ifort 
Checking for program 'xiar'              : /usr/bin/ar 
Checking for program 'ar'                : /usr/bin/ar 
Check ifort version                      : 2021.6.0 
Compile a test code with ifort           : yes 
retrieve ifort link line                 : ok 
ifort link line                          : -L/usr/local/software/spack/spack-views/rocky8-icelake-20220710/intel-oneapi-compilers-2022.1.0/gcc-11.3.0/b6zld2mz7cid27yloxznoidymd7vywwz/compiler/2022.1.0/linux/compiler/lib/intel64_lin/ -L/usr/local/software/spack/spack-views/rocky8-icelake-20220710/intel-oneapi-compilers-2022.1.0/gcc-11.3.0/b6zld2mz7cid27yloxznoidymd7vywwz/compiler/2022.1.0/linux/compiler/lib/intel64_lin -L/usr/local/software/spack/spack-views/._rocky8-icelake-20220710/vdcqmdfi2lxsqy6qm3npptgktlrkt37k/intel-oneapi-compilers-2022.1.0/gcc-11.3.0/b6zld2mz7cid27yloxznoidymd7vywwz/compiler/2022.1.0/linux/bin/intel64/../../compiler/lib/intel64_lin -L/lib -L/lib64 -lifport -lintlc -lifcoremt -lsvml -liomp5 -limf -lirc -lpthread 
Setting install root to                  : /rds/user/wnd22/hpc-work/Polychord_solveb/clik_installs/code/planck/code/plc_3.0/plc-3.1 
Setting install bin directory to         : /rds/user/wnd22/hpc-work/Polychord_solveb/clik_installs/code/planck/code/plc_3.0/plc-3.1/bin 
Setting install lib directory to         : /rds/user/wnd22/hpc-work/Polychord_solveb/clik_installs/code/planck/code/plc_3.0/plc-3.1/lib 
Setting install include directory to     : /rds/user/wnd22/hpc-work/Polychord_solveb/clik_installs/code/planck/code/plc_3.0/plc-3.1/include 
check compatibility of ifort and gcc versions : ok 
Checking for program 'python'                 : /rds/user/wnd22/hpc-work/Polychord_solveb/env_Polychord_solveb/bin/python 
Checking for python version                   : 3.8.2 
python-config                                 : /usr/bin/python3.8-config 
Asking python-config for pyembed '--cflags --libs --ldflags --embed' flags : yes 
Testing pyembed configuration                                              : yes 
Checking for library dl                                                    : yes 
checking for RTLD_DEFAULT in dl                                            : no 
compile with debug option                                                  : OFF 
Checking for program 'pmc-config'                                          : not found 
Checking for library pmc                                                   : not found 
Checking for library ['lapack', 'blas']                                    : yes 
checking for function 'dposv'                                              : yes 
checking for function 'dtrsv'                                              : yes 
checking for function 'dpotrf'                                             : yes 
checking for function 'dpotrs'                                             : yes 
checking for function 'dpotri'                                             : yes 
checking for function 'dtrtri'                                             : yes 
checking for function 'dtrmm'                                              : yes 
checking for function 'dtrmv'                                              : yes 
checking for function 'dgeqrf'                                             : yes 
checking for function 'dormqr'                                             : yes 
checking for function 'dsyev'                                              : yes 
checking for function 'dgesvd'                                             : yes 
checking for function 'dsymv'                                              : yes 
checking for function 'dgemv'                                              : yes 
checking for function 'dgemm'                                              : yes 
checking for function 'dsyrk'                                              : yes 
checking for function 'dsyr2k'                                             : yes 
checking for function 'daxpy'                                              : yes 
checking for function 'dtrsm'                                              : yes 
checking for function 'dsymm'                                              : yes 
checking for function 'dsyr'                                               : yes 
checking for function 'ddot'                                               : yes 
checking for function 'dsyevd'                                             : yes 
checking for function 'dlamch'                                             : yes 
checking for function 'dsyevr'                                             : yes 
Checking for library ['cfitsio']                                           : yes 
checking for function 'fits_init_cfitsio'                                  : yes 
Python version allows for automatic install                                : yes (3.8.2) 
Checking for program 'python'                                              : /rds/user/wnd22/hpc-work/Polychord_solveb/env_Polychord_solveb/bin/python 
Checking python module 'numpy'                                             : ok 
Checking python module 'astropy'                                           : ok 
Checking for program 'python'                                              : /rds/user/wnd22/hpc-work/Polychord_solveb/env_Polychord_solveb/bin/python 
Checking python module 'cython'                                            : ok 
Checking python module 'cython'                                            : ok 
Checking cython version (>0.28)                                            : 3.2.9 
Checking for program 'cython'                                              : /rds/user/wnd22/hpc-work/Polychord_solveb/env_Polychord_solveb/bin/cython 
Add plugin : 'rel2015'                                                     : ok 

*----------------------------------------------------*
|                                                    |
|   Configure step ok.                               |
|                                                    |
|   run './waf install' now !                        |
|                                                    |
*----------------------------------------------------*

'configure' finished successfully (14.771s)
Waf: Entering directory `/rds/user/wnd22/hpc-work/Polychord_solveb/clik_installs/code/planck/code/plc_3.0/plc-3.1/build'
add plik/component_plugin/rel2015/fg2015.c
add plik/component_plugin/rel2015/corrnoise.c
add plik/component_plugin/rel2015/leakage.c
- install /rds/user/wnd22/hpc-work/Polychord_solveb/clik_installs/code/planck/code/plc_3.0/plc-3.1/lib/python/site-packages/clik/__pycache__/cldf.cpython-38.pyo (from build/src/python/clik/__pycache__/cldf.cpython-38.pyo)
- install /rds/user/wnd22/hpc-work/Polychord_solveb/clik_installs/code/planck/code/plc_3.0/plc-3.1/include/clik_lensing.h (from src/clik_lensing.h)
- install /rds/user/wnd22/hpc-work/Polychord_solveb/clik_installs/code/planck/code/plc_3.0/plc-3.1/include/clik.h (from src/clik.h)
- install /rds/user/wnd22/hpc-work/Polychord_solveb/clik_installs/code/planck/code/plc_3.0/plc-3.1/lib/python/site-packages/clik/__pycache__/parobject.cpython-38.pyo (from build/src/python/clik/__pycache__/parobject.cpython-38.pyo)
- install /rds/user/wnd22/hpc-work/Polychord_solveb/clik_installs/code/planck/code/plc_3.0/plc-3.1/lib/python/site-packages/clik/cldf.py (from src/python/clik/cldf.py)
- install /rds/user/wnd22/hpc-work/Polychord_solveb/clik_installs/code/planck/code/plc_3.0/plc-3.1/lib/python/site-packages/clik/parobject.py (from src/python/clik/parobject.py)
- install /rds/user/wnd22/hpc-work/Polychord_solveb/clik_installs/code/planck/code/plc_3.0/plc-3.1/include/errorlist.h (from src/minipmc/errorlist.h)
- install /rds/user/wnd22/hpc-work/Polychord_solveb/clik_installs/code/planck/code/plc_3.0/plc-3.1/lib/python/site-packages/clik/__pycache__/hpy.cpython-38.pyo (from build/src/python/clik/__pycache__/hpy.cpython-38.pyo)
- install /rds/user/wnd22/hpc-work/Polychord_solveb/clik_installs/code/planck/code/plc_3.0/plc-3.1/lib/python/site-packages/clik/__pycache__/__init__.cpython-38.pyo (from build/src/python/clik/__pycache__/__init__.cpython-38.pyo)
- install /rds/user/wnd22/hpc-work/Polychord_solveb/clik_installs/code/planck/code/plc_3.0/plc-3.1/lib/python/site-packages/clik/smicahlp.py (from src/python/clik/smicahlp.py)
- install /rds/user/wnd22/hpc-work/Polychord_solveb/clik_installs/code/planck/code/plc_3.0/plc-3.1/lib/python/site-packages/clik/__init__.py (from src/python/clik/__init__.py)
- install /rds/user/wnd22/hpc-work/Polychord_solveb/clik_installs/code/planck/code/plc_3.0/plc-3.1/lib/python/site-packages/clik/miniparse.py (from src/python/clik/miniparse.py)
- install /rds/user/wnd22/hpc-work/Polychord_solveb/clik_installs/code/planck/code/plc_3.0/plc-3.1/lib/python/site-packages/clik/__pycache__/cldf.cpython-38.pyc (from build/src/python/clik/__pycache__/cldf.cpython-38.pyc)
- install /rds/user/wnd22/hpc-work/Polychord_solveb/clik_installs/code/planck/code/plc_3.0/plc-3.1/lib/python/site-packages/clik/__pycache__/__init__.cpython-38.pyc (from build/src/python/clik/__pycache__/__init__.cpython-38.pyc)
- install /rds/user/wnd22/hpc-work/Polychord_solveb/clik_installs/code/planck/code/plc_3.0/plc-3.1/lib/python/site-packages/clik/hpy.py (from src/python/clik/hpy.py)
- install /rds/user/wnd22/hpc-work/Polychord_solveb/clik_installs/code/planck/code/plc_3.0/plc-3.1/lib/python/site-packages/clik/__pycache__/parobject.cpython-38.pyc (from build/src/python/clik/__pycache__/parobject.cpython-38.pyc)
- install /rds/user/wnd22/hpc-work/Polychord_solveb/clik_installs/code/planck/code/plc_3.0/plc-3.1/lib/python/site-packages/clik/__pycache__/smicahlp.cpython-38.pyc (from build/src/python/clik/__pycache__/smicahlp.cpython-38.pyc)
- install /rds/user/wnd22/hpc-work/Polychord_solveb/clik_installs/code/planck/code/plc_3.0/plc-3.1/lib/python/site-packages/clik/__pycache__/miniparse.cpython-38.pyc (from build/src/python/clik/__pycache__/miniparse.cpython-38.pyc)
- install /rds/user/wnd22/hpc-work/Polychord_solveb/clik_installs/code/planck/code/plc_3.0/plc-3.1/lib/python/site-packages/clik/__pycache__/hpy.cpython-38.pyc (from build/src/python/clik/__pycache__/hpy.cpython-38.pyc)
- install /rds/user/wnd22/hpc-work/Polychord_solveb/clik_installs/code/planck/code/plc_3.0/plc-3.1/lib/python/site-packages/clik/__pycache__/miniparse.cpython-38.pyo (from build/src/python/clik/__pycache__/miniparse.cpython-38.pyo)
- install /rds/user/wnd22/hpc-work/Polychord_solveb/clik_installs/code/planck/code/plc_3.0/plc-3.1/lib/python/site-packages/clik/__pycache__/smicahlp.cpython-38.pyo (from build/src/python/clik/__pycache__/smicahlp.cpython-38.pyo)
- install /rds/user/wnd22/hpc-work/Polychord_solveb/clik_installs/code/planck/code/plc_3.0/plc-3.1/share/clik/rel2015/tsz_143_eps0.50.dat (from src/plik/component_plugin/rel2015/tsz_143_eps0.50.dat)
- install /rds/user/wnd22/hpc-work/Polychord_solveb/clik_installs/code/planck/code/plc_3.0/plc-3.1/share/clik/rel2015/sz_x_cib_template.dat (from src/plik/component_plugin/rel2015/sz_x_cib_template.dat)
- install /rds/user/wnd22/hpc-work/Polychord_solveb/clik_installs/code/planck/code/plc_3.0/plc-3.1/share/clik/rel2015/ksz_fromcamspec.dat (from src/plik/component_plugin/rel2015/ksz_fromcamspec.dat)
- install /rds/user/wnd22/hpc-work/Polychord_solveb/clik_installs/code/planck/code/plc_3.0/plc-3.1/share/clik/rel2015/cib_1h_2h_100_353_Jsr-1_PS_2014_09.dat (from src/plik/component_plugin/rel2015/cib_1h_2h_100_353_Jsr-1_PS_2014_09.dat)
- install /rds/user/wnd22/hpc-work/Polychord_solveb/clik_installs/code/planck/code/plc_3.0/plc-3.1/share/clik/rel2015/sky_template_v15_F100_143_217_353.dat (from src/plik/component_plugin/rel2015/sky_template_v15_F100_143_217_353.dat)
- install /rds/user/wnd22/hpc-work/Polychord_solveb/clik_installs/code/planck/code/plc_3.0/plc-3.1/bin/clik_example_py (from build/src/python/clik_example_py)
- install /rds/user/wnd22/hpc-work/Polychord_solveb/clik_installs/code/planck/code/plc_3.0/plc-3.1/bin/clik_print (from build/src/python/clik_print)
- install /rds/user/wnd22/hpc-work/Polychord_solveb/clik_installs/code/planck/code/plc_3.0/plc-3.1/bin/clik_change_lrange (from build/src/python/clik_change_lrange)
- install /rds/user/wnd22/hpc-work/Polychord_solveb/clik_installs/code/planck/code/plc_3.0/plc-3.1/share/clik/rel2015/cnoise_F100_143_217_353_v17.dat (from src/plik/component_plugin/rel2015/cnoise_F100_143_217_353_v17.dat)
- install /rds/user/wnd22/hpc-work/Polychord_solveb/clik_installs/code/planck/code/plc_3.0/plc-3.1/bin/clik_get_selfcheck (from build/src/python/clik_get_selfcheck)
- install /rds/user/wnd22/hpc-work/Polychord_solveb/clik_installs/code/planck/code/plc_3.0/plc-3.1/share/clik/rel2015/cleak_eh_rd12rc3_v1.dat (from src/plik/component_plugin/rel2015/cleak_eh_rd12rc3_v1.dat)
- install /rds/user/wnd22/hpc-work/Polychord_solveb/clik_installs/code/planck/code/plc_3.0/plc-3.1/bin/clik_explore_1d (from build/src/python/clik_explore_1d)
- install /rds/user/wnd22/hpc-work/Polychord_solveb/clik_installs/code/planck/code/plc_3.0/plc-3.1/bin/prepare_wmap (from build/src/python/prepare_wmap)
- install /rds/user/wnd22/hpc-work/Polychord_solveb/clik_installs/code/planck/code/plc_3.0/plc-3.1/bin/clik_change_lrange_bychannel_pol (from build/src/python/clik_change_lrange_bychannel_pol)
- install /rds/user/wnd22/hpc-work/Polychord_solveb/clik_installs/code/planck/code/plc_3.0/plc-3.1/share/clik/rel2015/cnoise_e2e_v2.dat (from src/plik/component_plugin/rel2015/cnoise_e2e_v2.dat)
- install /rds/user/wnd22/hpc-work/Polychord_solveb/clik_installs/code/planck/code/plc_3.0/plc-3.1/share/clik/rel2015/sbpx_tmpl_v4_hm.dat (from src/plik/component_plugin/rel2015/sbpx_tmpl_v4_hm.dat)
[126/141] Linking build/src/libclik.so
[127/141] Linking build/src/libclik_f90.so
[128/141] Linking build/src/clik_example_C
[129/141] Linking build/src/python/lkl.cpython-38-x86_64-linux-gnu.so
[130/141] Linking build/src/python/lkl_lensing.cpython-38-x86_64-linux-gnu.so
[131/141] Linking build/src/python/parametric.cpython-38-x86_64-linux-gnu.so
[132/141] Linking build/src/python/rel2015.cpython-38-x86_64-linux-gnu.so
[134/141] Linking build/src/clik_example_f90
+ install /rds/user/wnd22/hpc-work/Polychord_solveb/clik_installs/code/planck/code/plc_3.0/plc-3.1/lib/libclik.so (from build/src/libclik.so)
+ install /rds/user/wnd22/hpc-work/Polychord_solveb/clik_installs/code/planck/code/plc_3.0/plc-3.1/lib/libclik_f90.so (from build/src/libclik_f90.so)
+ install /rds/user/wnd22/hpc-work/Polychord_solveb/clik_installs/code/planck/code/plc_3.0/plc-3.1/lib/python/site-packages/clik/lkl.cpython-38-x86_64-linux-gnu.so (from build/src/python/lkl.cpython-38-x86_64-linux-gnu.so)
+ install /rds/user/wnd22/hpc-work/Polychord_solveb/clik_installs/code/planck/code/plc_3.0/plc-3.1/bin/clik_example_C (from build/src/clik_example_C)
+ install /rds/user/wnd22/hpc-work/Polychord_solveb/clik_installs/code/planck/code/plc_3.0/plc-3.1/lib/python/site-packages/clik/parametric.cpython-38-x86_64-linux-gnu.so (from build/src/python/parametric.cpython-38-x86_64-linux-gnu.so)
+ install /rds/user/wnd22/hpc-work/Polychord_solveb/clik_installs/code/planck/code/plc_3.0/plc-3.1/lib/python/site-packages/clik/rel2015.cpython-38-x86_64-linux-gnu.so (from build/src/python/rel2015.cpython-38-x86_64-linux-gnu.so)
+ install /rds/user/wnd22/hpc-work/Polychord_solveb/clik_installs/code/planck/code/plc_3.0/plc-3.1/lib/python/site-packages/clik/lkl_lensing.cpython-38-x86_64-linux-gnu.so (from build/src/python/lkl_lensing.cpython-38-x86_64-linux-gnu.so)
+ install /rds/user/wnd22/hpc-work/Polychord_solveb/clik_installs/code/planck/code/plc_3.0/plc-3.1/bin/clik_example_f90 (from build/src/clik_example_f90)
Waf: Leaving directory `/rds/user/wnd22/hpc-work/Polychord_solveb/clik_installs/code/planck/code/plc_3.0/plc-3.1/build'

*----------------------------------------------------*
|                                                    |
|   Source clik_profile.sh (or clik_profile.csh)     |
|   to set the environment variables needed by clik  |
|                                                    |
*----------------------------------------------------*

'install' finished successfully (9.741s)
Changed directory to /home/wnd22/rds/hpc-work/Will_CPT/Higher_Order_Finding_U_Matrices/find_integer_allowedK/cosmo_param_direc/find_bestfit_As_ns_tau.

Running Python script...
[I 2026-07-24 21:28:56,515] A new study created in memory with name: no-name-2222edcc-77e0-41be-8bdd-2c6ae3b474b4
[I 2026-07-24 21:29:15,719] Trial 0 finished with value: 349445.77778428077 and parameters: {'As': 3.4759179026511973, 'ns': 1.020985261251798, 'tau': 0.06196809016467455}. Best is trial 0 with value: 349445.77778428077.
[I 2026-07-24 21:29:34,604] Trial 1 finished with value: 51890.6905412976 and parameters: {'As': 2.5875084619559807, 'ns': 0.9427414500740906, 'tau': 0.03670016991633376}. Best is trial 1 with value: 51890.6905412976.
[I 2026-07-24 21:29:53,564] Trial 2 finished with value: 43315.70984364887 and parameters: {'As': 2.601414496452921, 'ns': 0.9283335974822813, 'tau': 0.045670029654989015}. Best is trial 2 with value: 43315.70984364887.
[I 2026-07-24 21:30:12,570] Trial 3 finished with value: 2e+30 and parameters: {'As': 2.491165033586305, 'ns': 1.0825370161524073, 'tau': 0.03752512468373729}. Best is trial 2 with value: 43315.70984364887.
[I 2026-07-24 21:30:31,524] Trial 4 finished with value: 102619.86783961477 and parameters: {'As': 2.7449008171181934, 'ns': 1.025191332836649, 'tau': 0.04602201380801853}. Best is trial 2 with value: 43315.70984364887.
[I 2026-07-24 21:30:50,473] Trial 5 finished with value: 93602.15008379555 and parameters: {'As': 2.935982930259928, 'ns': 0.9301626603066048, 'tau': 0.0629276764068018}. Best is trial 2 with value: 43315.70984364887.
[I 2026-07-24 21:31:09,410] Trial 6 finished with value: 16004.380212182594 and parameters: {'As': 1.9969219952340704, 'ns': 0.9124512272196584, 'tau': 0.07042757087411651}. Best is trial 6 with value: 16004.380212182594.
[I 2026-07-24 21:31:28,319] Trial 7 finished with value: 9524.60604362174 and parameters: {'As': 2.2958776773160112, 'ns': 0.9440592066204115, 'tau': 0.04638723363556134}. Best is trial 7 with value: 9524.60604362174.
[I 2026-07-24 21:31:47,270] Trial 8 finished with value: 36900.945508228 and parameters: {'As': 2.6574190590320104, 'ns': 0.974299948298034, 'tau': 0.07459757311185511}. Best is trial 7 with value: 9524.60604362174.
[I 2026-07-24 21:32:06,226] Trial 9 finished with value: 2e+30 and parameters: {'As': 1.8945419742433536, 'ns': 1.0898768021602865, 'tau': 0.06975767968788212}. Best is trial 7 with value: 9524.60604362174.
[I 2026-07-24 21:32:25,266] Trial 10 finished with value: 2e+30 and parameters: {'As': 1.6164075802572384, 'ns': 0.9897486781146114, 'tau': 0.051985416869061635}. Best is trial 7 with value: 9524.60604362174.
[I 2026-07-24 21:32:44,237] Trial 11 finished with value: 15352.072591084172 and parameters: {'As': 2.043748953016209, 'ns': 0.9014336537740746, 'tau': 0.07691167921058045}. Best is trial 7 with value: 9524.60604362174.
[I 2026-07-24 21:33:03,171] Trial 12 finished with value: 7089.961420075059 and parameters: {'As': 2.1946182297604184, 'ns': 0.9005925286301536, 'tau': 0.07834652700093524}. Best is trial 12 with value: 7089.961420075059.
[I 2026-07-24 21:33:22,141] Trial 13 finished with value: 6639.46993894018 and parameters: {'As': 2.256493825897363, 'ns': 0.9648437896992184, 'tau': 0.0542447404468587}. Best is trial 13 with value: 6639.46993894018.
[I 2026-07-24 21:33:40,935] Trial 14 finished with value: 5105.152950322323 and parameters: {'As': 2.2311673586573573, 'ns': 0.9642414170849263, 'tau': 0.05840504759468254}. Best is trial 14 with value: 5105.152950322323.
[I 2026-07-24 21:33:59,780] Trial 15 finished with value: 2e+30 and parameters: {'As': 1.6038092355083804, 'ns': 0.9736589075928458, 'tau': 0.058816274707447755}. Best is trial 14 with value: 5105.152950322323.
[I 2026-07-24 21:34:18,683] Trial 16 finished with value: 144647.5251765427 and parameters: {'As': 2.9311756402745752, 'ns': 1.0188872989922797, 'tau': 0.05282106435872418}. Best is trial 14 with value: 5105.152950322323.
[I 2026-07-24 21:34:37,609] Trial 17 finished with value: 7502.081498253276 and parameters: {'As': 2.2907613568967995, 'ns': 0.9617024884127224, 'tau': 0.05697971490244795}. Best is trial 14 with value: 5105.152950322323.
[I 2026-07-24 21:34:57,095] Trial 18 finished with value: 2e+30 and parameters: {'As': 1.754249836041103, 'ns': 1.0655210036365548, 'tau': 0.030548430099618006}. Best is trial 14 with value: 5105.152950322323.
[I 2026-07-24 21:35:16,287] Trial 19 finished with value: 227968.15948027425 and parameters: {'As': 3.276924745900503, 'ns': 0.9995069590239641, 'tau': 0.06686054137679343}. Best is trial 14 with value: 5105.152950322323.
