[I 2026-07-24 15:49:24,183] Trial 199 finished with value: 5473.804612648104 and parameters: {'As': 2.036245907010351, 'ns': 0.9787400125190794, 'tau': 0.05366542342632127}. Best is trial 184 with value: 4112.340474947141.
/rds/user/wnd22/hpc-work/Polychord_solveb/env_Polychord_solveb/lib/python3.8/site-packages/classy.cpython-38-x86_64-linux-gnu.so
Use start_params from ./data/find_bestfit_0.txt
Initializing Planck Likelihood...
Planck Likelihood Initialized!
Loaded A_sparse (column-normalised): shape (107, 92)  (N_k_int=107, m_cca=92)
N_k_int=107, m_cca=92
eigenvecs shape: (107, 92)
Starting sequential Optuna optimization in SLURM...
Truncating right after the physical dip at index 57, k = 8.8301e-03
chi_eff_sq=10255.263926602587
Truncating right after the physical dip at index 57, k = 8.8301e-03
chi_eff_sq=185804.31304960683
Truncating right after the physical dip at index 57, k = 8.8301e-03
chi_eff_sq=2e+30
Truncating right after the physical dip at index 57, k = 8.8301e-03
chi_eff_sq=2e+30
Truncating right after the physical dip at index 57, k = 8.8301e-03
chi_eff_sq=2e+30
Truncating right after the physical dip at index 57, k = 8.8301e-03
chi_eff_sq=2e+30
Truncating right after the physical dip at index 57, k = 8.8301e-03
chi_eff_sq=2e+30
Truncating right after the physical dip at index 57, k = 8.8301e-03
chi_eff_sq=2e+30
Truncating right after the physical dip at index 57, k = 8.8301e-03
chi_eff_sq=2e+30
Truncating right after the physical dip at index 57, k = 8.8301e-03
chi_eff_sq=67792.46204573802
Truncating right after the physical dip at index 57, k = 8.8301e-03
chi_eff_sq=317928.7816315753
Truncating right after the physical dip at index 57, k = 8.8301e-03
chi_eff_sq=50290.35984444658
Truncating right after the physical dip at index 57, k = 8.8301e-03
chi_eff_sq=36025.081013749215
Truncating right after the physical dip at index 57, k = 8.8301e-03
chi_eff_sq=174945.46388058935
Truncating right after the physical dip at index 57, k = 8.8301e-03
chi_eff_sq=9454.117524189784
Truncating right after the physical dip at index 57, k = 8.8301e-03
chi_eff_sq=16051.42237716186
Truncating right after the physical dip at index 57, k = 8.8301e-03
chi_eff_sq=14939.728840151558
Truncating right after the physical dip at index 57, k = 8.8301e-03
chi_eff_sq=15808.708452420819
Truncating right after the physical dip at index 57, k = 8.8301e-03
chi_eff_sq=9171.096635288952
Truncating right after the physical dip at index 57, k = 8.8301e-03
chi_eff_sq=32395.738103195148
Truncating right after the physical dip at index 57, k = 8.8301e-03
chi_eff_sq=2e+30
Truncating right after the physical dip at index 57, k = 8.8301e-03
chi_eff_sq=23314.66791953608
Truncating right after the physical dip at index 57, k = 8.8301e-03
chi_eff_sq=4236.353627337322
Truncating right after the physical dip at index 57, k = 8.8301e-03
chi_eff_sq=29736.841177441198
Truncating right after the physical dip at index 57, k = 8.8301e-03
chi_eff_sq=5663.49403704386
Truncating right after the physical dip at index 57, k = 8.8301e-03
chi_eff_sq=4804.866412878342
Truncating right after the physical dip at index 57, k = 8.8301e-03
chi_eff_sq=4896.848974176586
Truncating right after the physical dip at index 57, k = 8.8301e-03
chi_eff_sq=2e+30
Truncating right after the physical dip at index 57, k = 8.8301e-03
chi_eff_sq=4659.629607151639
Truncating right after the physical dip at index 57, k = 8.8301e-03
chi_eff_sq=104195.62835475412
Truncating right after the physical dip at index 57, k = 8.8301e-03
chi_eff_sq=2e+30
Truncating right after the physical dip at index 57, k = 8.8301e-03
chi_eff_sq=5378.708158324483
Truncating right after the physical dip at index 57, k = 8.8301e-03
chi_eff_sq=5057.164767665556
Truncating right after the physical dip at index 57, k = 8.8301e-03
chi_eff_sq=53622.21056388876
Truncating right after the physical dip at index 57, k = 8.8301e-03
chi_eff_sq=16338.889329369047
Truncating right after the physical dip at index 57, k = 8.8301e-03
chi_eff_sq=47006.17955100472
Truncating right after the physical dip at index 57, k = 8.8301e-03
chi_eff_sq=4742.9854255850605
Truncating right after the physical dip at index 57, k = 8.8301e-03
chi_eff_sq=2e+30
Truncating right after the physical dip at index 57, k = 8.8301e-03
chi_eff_sq=2e+30
Truncating right after the physical dip at index 57, k = 8.8301e-03
chi_eff_sq=4181.263925161037
Truncating right after the physical dip at index 57, k = 8.8301e-03
chi_eff_sq=2e+30
Truncating right after the physical dip at index 57, k = 8.8301e-03
chi_eff_sq=4163.726419141586
Truncating right after the physical dip at index 57, k = 8.8301e-03
chi_eff_sq=2e+30
Truncating right after the physical dip at index 57, k = 8.8301e-03
chi_eff_sq=4686.891357045985
Truncating right after the physical dip at index 57, k = 8.8301e-03
chi_eff_sq=5333.743054807336
Truncating right after the physical dip at index 57, k = 8.8301e-03
chi_eff_sq=2e+30
Truncating right after the physical dip at index 57, k = 8.8301e-03
chi_eff_sq=12197.187061498094
Truncating right after the physical dip at index 57, k = 8.8301e-03
chi_eff_sq=9139.835021889648
Truncating right after the physical dip at index 57, k = 8.8301e-03
chi_eff_sq=2e+30
Truncating right after the physical dip at index 57, k = 8.8301e-03
chi_eff_sq=10685.372742108002
Truncating right after the physical dip at index 57, k = 8.8301e-03
chi_eff_sq=36548.50712394253
Truncating right after the physical dip at index 57, k = 8.8301e-03
chi_eff_sq=4160.775618891815
Truncating right after the physical dip at index 57, k = 8.8301e-03
chi_eff_sq=5312.364754977161
Truncating right after the physical dip at index 57, k = 8.8301e-03
chi_eff_sq=6695.998852716191
Truncating right after the physical dip at index 57, k = 8.8301e-03
chi_eff_sq=5612.441977032117
Truncating right after the physical dip at index 57, k = 8.8301e-03
chi_eff_sq=15878.48576327865
Truncating right after the physical dip at index 57, k = 8.8301e-03
chi_eff_sq=4173.823377197457
Truncating right after the physical dip at index 57, k = 8.8301e-03
chi_eff_sq=4609.960010964561
Truncating right after the physical dip at index 57, k = 8.8301e-03
chi_eff_sq=22994.045574669555
Truncating right after the physical dip at index 57, k = 8.8301e-03
chi_eff_sq=10870.884581220615
Truncating right after the physical dip at index 57, k = 8.8301e-03
chi_eff_sq=4308.137115148342
Truncating right after the physical dip at index 57, k = 8.8301e-03
chi_eff_sq=4416.423419202124
Truncating right after the physical dip at index 57, k = 8.8301e-03
chi_eff_sq=8853.709717459877
Truncating right after the physical dip at index 57, k = 8.8301e-03
chi_eff_sq=298808.84785438183
Truncating right after the physical dip at index 57, k = 8.8301e-03
chi_eff_sq=6592.025333698094
Truncating right after the physical dip at index 57, k = 8.8301e-03
chi_eff_sq=6269.686497355904
Truncating right after the physical dip at index 57, k = 8.8301e-03
chi_eff_sq=18816.918373024375
Truncating right after the physical dip at index 57, k = 8.8301e-03
chi_eff_sq=4327.910708911749
Truncating right after the physical dip at index 57, k = 8.8301e-03
chi_eff_sq=7880.544717899711
Truncating right after the physical dip at index 57, k = 8.8301e-03
chi_eff_sq=16172.642682443948
Truncating right after the physical dip at index 57, k = 8.8301e-03
chi_eff_sq=10217.606830829998
Truncating right after the physical dip at index 57, k = 8.8301e-03
chi_eff_sq=4237.109548348962
Truncating right after the physical dip at index 57, k = 8.8301e-03
chi_eff_sq=5184.949123968948
Truncating right after the physical dip at index 57, k = 8.8301e-03
chi_eff_sq=4315.933836857011
Truncating right after the physical dip at index 57, k = 8.8301e-03
chi_eff_sq=75182.79526848643
Truncating right after the physical dip at index 57, k = 8.8301e-03
chi_eff_sq=4371.850374700609
Truncating right after the physical dip at index 57, k = 8.8301e-03
chi_eff_sq=6098.129433418458
Truncating right after the physical dip at index 57, k = 8.8301e-03
chi_eff_sq=23528.313224273497
Truncating right after the physical dip at index 57, k = 8.8301e-03
chi_eff_sq=2e+30
Truncating right after the physical dip at index 57, k = 8.8301e-03
chi_eff_sq=9398.124824880313
Truncating right after the physical dip at index 57, k = 8.8301e-03
chi_eff_sq=2e+30
Truncating right after the physical dip at index 57, k = 8.8301e-03
chi_eff_sq=4219.602473464169
Truncating right after the physical dip at index 57, k = 8.8301e-03
chi_eff_sq=4287.683336374614
Truncating right after the physical dip at index 57, k = 8.8301e-03
chi_eff_sq=6583.86805329353
Truncating right after the physical dip at index 57, k = 8.8301e-03
chi_eff_sq=4937.82453143686
Truncating right after the physical dip at index 57, k = 8.8301e-03
chi_eff_sq=7917.940481862241
Truncating right after the physical dip at index 57, k = 8.8301e-03
chi_eff_sq=8308.29360874411
Truncating right after the physical dip at index 57, k = 8.8301e-03
chi_eff_sq=7259.776901375328
Truncating right after the physical dip at index 57, k = 8.8301e-03
chi_eff_sq=7416.1031168193995
Truncating right after the physical dip at index 57, k = 8.8301e-03
chi_eff_sq=15367.438663642934
Truncating right after the physical dip at index 57, k = 8.8301e-03
chi_eff_sq=4431.56999867123
Truncating right after the physical dip at index 57, k = 8.8301e-03
chi_eff_sq=4411.838683058762
Truncating right after the physical dip at index 57, k = 8.8301e-03
chi_eff_sq=4895.059490475377
Truncating right after the physical dip at index 57, k = 8.8301e-03
chi_eff_sq=4485.232387876723
Truncating right after the physical dip at index 57, k = 8.8301e-03
chi_eff_sq=5012.151185487846
Truncating right after the physical dip at index 57, k = 8.8301e-03
chi_eff_sq=118595.78497993395
Truncating right after the physical dip at index 57, k = 8.8301e-03
chi_eff_sq=9368.461531228968
Truncating right after the physical dip at index 57, k = 8.8301e-03
chi_eff_sq=2e+30
Truncating right after the physical dip at index 57, k = 8.8301e-03
chi_eff_sq=5739.947486036035
Truncating right after the physical dip at index 57, k = 8.8301e-03
chi_eff_sq=5372.044958487962
Truncating right after the physical dip at index 57, k = 8.8301e-03
chi_eff_sq=2e+30
Truncating right after the physical dip at index 57, k = 8.8301e-03
chi_eff_sq=4415.087517218878
Truncating right after the physical dip at index 57, k = 8.8301e-03
chi_eff_sq=4541.641598814551
Truncating right after the physical dip at index 57, k = 8.8301e-03
chi_eff_sq=6512.309597207334
Truncating right after the physical dip at index 57, k = 8.8301e-03
chi_eff_sq=10606.68063759253
Truncating right after the physical dip at index 57, k = 8.8301e-03
chi_eff_sq=4370.181623370085
Truncating right after the physical dip at index 57, k = 8.8301e-03
chi_eff_sq=7738.417239367169
Truncating right after the physical dip at index 57, k = 8.8301e-03
chi_eff_sq=5202.45289523866
Truncating right after the physical dip at index 57, k = 8.8301e-03
chi_eff_sq=2e+30
Truncating right after the physical dip at index 57, k = 8.8301e-03
chi_eff_sq=5559.902759744527
Truncating right after the physical dip at index 57, k = 8.8301e-03
chi_eff_sq=2e+30
Truncating right after the physical dip at index 57, k = 8.8301e-03
chi_eff_sq=4349.769994931381
Truncating right after the physical dip at index 57, k = 8.8301e-03
chi_eff_sq=4687.005101320272
Truncating right after the physical dip at index 57, k = 8.8301e-03
chi_eff_sq=6635.250543638979
Truncating right after the physical dip at index 57, k = 8.8301e-03
chi_eff_sq=4238.23347306347
Truncating right after the physical dip at index 57, k = 8.8301e-03
chi_eff_sq=5353.557620162433
Truncating right after the physical dip at index 57, k = 8.8301e-03
chi_eff_sq=2e+30
Truncating right after the physical dip at index 57, k = 8.8301e-03
chi_eff_sq=6081.427166978125
Truncating right after the physical dip at index 57, k = 8.8301e-03
chi_eff_sq=4524.7158246116
Truncating right after the physical dip at index 57, k = 8.8301e-03
chi_eff_sq=4426.275711733611
Truncating right after the physical dip at index 57, k = 8.8301e-03
chi_eff_sq=2e+30
Truncating right after the physical dip at index 57, k = 8.8301e-03
chi_eff_sq=4732.140793435241
Truncating right after the physical dip at index 57, k = 8.8301e-03
chi_eff_sq=8371.367608156112
Truncating right after the physical dip at index 57, k = 8.8301e-03
chi_eff_sq=4319.056392978033
Truncating right after the physical dip at index 57, k = 8.8301e-03
chi_eff_sq=193664.6067614801
Truncating right after the physical dip at index 57, k = 8.8301e-03
chi_eff_sq=4431.80510728729
Truncating right after the physical dip at index 57, k = 8.8301e-03
chi_eff_sq=4471.097939582627
Truncating right after the physical dip at index 57, k = 8.8301e-03
chi_eff_sq=4885.086382314141
Truncating right after the physical dip at index 57, k = 8.8301e-03
chi_eff_sq=4538.36613164022
Truncating right after the physical dip at index 57, k = 8.8301e-03
chi_eff_sq=12036.618497052115
Truncating right after the physical dip at index 57, k = 8.8301e-03
chi_eff_sq=11488.020863470907
Truncating right after the physical dip at index 57, k = 8.8301e-03
chi_eff_sq=4268.159889114019
Truncating right after the physical dip at index 57, k = 8.8301e-03
chi_eff_sq=4241.809787300107
Truncating right after the physical dip at index 57, k = 8.8301e-03
chi_eff_sq=16352.901323325179
Truncating right after the physical dip at index 57, k = 8.8301e-03
chi_eff_sq=7970.151663790907
Truncating right after the physical dip at index 57, k = 8.8301e-03
chi_eff_sq=4310.588352002801
Truncating right after the physical dip at index 57, k = 8.8301e-03
chi_eff_sq=6321.466320309545
Truncating right after the physical dip at index 57, k = 8.8301e-03
chi_eff_sq=4532.403644311254
Truncating right after the physical dip at index 57, k = 8.8301e-03
chi_eff_sq=5034.366858495764
Truncating right after the physical dip at index 57, k = 8.8301e-03
chi_eff_sq=4231.70516880212
Truncating right after the physical dip at index 57, k = 8.8301e-03
chi_eff_sq=4546.157141141519
Truncating right after the physical dip at index 57, k = 8.8301e-03
chi_eff_sq=4239.811712453523
Truncating right after the physical dip at index 57, k = 8.8301e-03
chi_eff_sq=4766.784687227616
Truncating right after the physical dip at index 57, k = 8.8301e-03
chi_eff_sq=5220.984036005439
Truncating right after the physical dip at index 57, k = 8.8301e-03
chi_eff_sq=4146.040335068819
Truncating right after the physical dip at index 57, k = 8.8301e-03
chi_eff_sq=7138.939617179915
Truncating right after the physical dip at index 57, k = 8.8301e-03
chi_eff_sq=5737.9918387204525
Truncating right after the physical dip at index 57, k = 8.8301e-03
chi_eff_sq=4781.146332617562
Truncating right after the physical dip at index 57, k = 8.8301e-03
chi_eff_sq=6937.473396722923
Truncating right after the physical dip at index 57, k = 8.8301e-03
chi_eff_sq=4489.3884429699965
Truncating right after the physical dip at index 57, k = 8.8301e-03
chi_eff_sq=4731.214103569946
Truncating right after the physical dip at index 57, k = 8.8301e-03
chi_eff_sq=4198.685506267835
Truncating right after the physical dip at index 57, k = 8.8301e-03
chi_eff_sq=4400.23106511261
Truncating right after the physical dip at index 57, k = 8.8301e-03
chi_eff_sq=4833.237183190208
Truncating right after the physical dip at index 57, k = 8.8301e-03
chi_eff_sq=4159.666124043648
Truncating right after the physical dip at index 57, k = 8.8301e-03
chi_eff_sq=2e+30
Truncating right after the physical dip at index 57, k = 8.8301e-03
chi_eff_sq=4150.846809971463
Truncating right after the physical dip at index 57, k = 8.8301e-03
chi_eff_sq=4313.706910788804
Truncating right after the physical dip at index 57, k = 8.8301e-03
chi_eff_sq=9623.689735520078
Truncating right after the physical dip at index 57, k = 8.8301e-03
chi_eff_sq=4196.757888880048
Truncating right after the physical dip at index 57, k = 8.8301e-03
chi_eff_sq=4405.370968356486
Truncating right after the physical dip at index 57, k = 8.8301e-03
chi_eff_sq=4284.822131734857
Truncating right after the physical dip at index 57, k = 8.8301e-03
chi_eff_sq=4178.81699761348
Truncating right after the physical dip at index 57, k = 8.8301e-03
chi_eff_sq=6205.044596135
Truncating right after the physical dip at index 57, k = 8.8301e-03
chi_eff_sq=4971.247361520388
Truncating right after the physical dip at index 57, k = 8.8301e-03
chi_eff_sq=4134.024251020278
Truncating right after the physical dip at index 57, k = 8.8301e-03
chi_eff_sq=4192.952844649965
Truncating right after the physical dip at index 57, k = 8.8301e-03
chi_eff_sq=4279.642594149745
Truncating right after the physical dip at index 57, k = 8.8301e-03
chi_eff_sq=2e+30
Truncating right after the physical dip at index 57, k = 8.8301e-03
chi_eff_sq=5117.509464459553
Truncating right after the physical dip at index 57, k = 8.8301e-03
chi_eff_sq=6256.992954513847
Truncating right after the physical dip at index 57, k = 8.8301e-03
chi_eff_sq=4621.478863934596
Truncating right after the physical dip at index 57, k = 8.8301e-03
chi_eff_sq=4820.895876341375
Truncating right after the physical dip at index 57, k = 8.8301e-03
chi_eff_sq=4133.00884882359
Truncating right after the physical dip at index 57, k = 8.8301e-03
chi_eff_sq=5425.177575432218
Truncating right after the physical dip at index 57, k = 8.8301e-03
chi_eff_sq=4626.566333423603
Truncating right after the physical dip at index 57, k = 8.8301e-03
chi_eff_sq=6270.381606776132
Truncating right after the physical dip at index 57, k = 8.8301e-03
chi_eff_sq=7993.62877314038
Truncating right after the physical dip at index 57, k = 8.8301e-03
chi_eff_sq=309061.6871413156
Truncating right after the physical dip at index 57, k = 8.8301e-03
chi_eff_sq=4768.266203339782
Truncating right after the physical dip at index 57, k = 8.8301e-03
chi_eff_sq=5385.4156056505535
Truncating right after the physical dip at index 57, k = 8.8301e-03
chi_eff_sq=4159.756940651063
Truncating right after the physical dip at index 57, k = 8.8301e-03
chi_eff_sq=4118.575621471674
Truncating right after the physical dip at index 57, k = 8.8301e-03
chi_eff_sq=4116.167562957555
Truncating right after the physical dip at index 57, k = 8.8301e-03
chi_eff_sq=4112.340474947141
Truncating right after the physical dip at index 57, k = 8.8301e-03
chi_eff_sq=2e+30
Truncating right after the physical dip at index 57, k = 8.8301e-03
chi_eff_sq=4120.829462151206
Truncating right after the physical dip at index 57, k = 8.8301e-03
chi_eff_sq=4123.947592409589
Truncating right after the physical dip at index 57, k = 8.8301e-03
chi_eff_sq=4205.350818066004
Truncating right after the physical dip at index 57, k = 8.8301e-03
chi_eff_sq=4740.318388842614
Truncating right after the physical dip at index 57, k = 8.8301e-03
chi_eff_sq=6887.926808830603
Truncating right after the physical dip at index 57, k = 8.8301e-03
chi_eff_sq=4246.914036381603
Truncating right after the physical dip at index 57, k = 8.8301e-03
chi_eff_sq=4178.982821136847
Truncating right after the physical dip at index 57, k = 8.8301e-03
chi_eff_sq=6854.275188265735
Truncating right after the physical dip at index 57, k = 8.8301e-03
chi_eff_sq=4800.65943749367
Truncating right after the physical dip at index 57, k = 8.8301e-03
chi_eff_sq=4255.639823258429
Truncating right after the physical dip at index 57, k = 8.8301e-03
chi_eff_sq=4162.837705422251
Truncating right after the physical dip at index 57, k = 8.8301e-03
chi_eff_sq=2e+30
Truncating right after the physical dip at index 57, k = 8.8301e-03
chi_eff_sq=5229.613849762967
Truncating right after the physical dip at index 57, k = 8.8301e-03
chi_eff_sq=5473.804612648104
Optimization finished! Best chi_eff_sq: 4112.340474947141
----
clik version plc_3.1
  smica
Checking likelihood '/home/wnd22/rds/hpc-work/Polychord_solveb/clik_installs/data/planck_2018/baseline/plc_3.0/hi_l/plik/plik_rd12_HM_v22b_TTTEEE.clik' on test data. got -1172.47 expected -1172.47 (diff -4.34054e-07)
----
----
clik version plc_3.1
  gibbs_gauss b13c8fda-1837-41b5-ae2d-78d6b723fcf1
Checking likelihood '/home/wnd22/rds/hpc-work/Polychord_solveb/clik_installs/data/planck_2018/baseline/plc_3.0/low_l/commander/commander_dx12_v3_2_29.clik' on test data. got -11.6257 expected -11.6257 (diff -1.07424e-09)
----
Initializing SimAll
----
clik version plc_3.1
  simall simall_EE_BB_TE
Checking likelihood '/home/wnd22/rds/hpc-work/Polychord_solveb/clik_installs/data/planck_2018/baseline/plc_3.0/low_l/simall/simall_100x143_offlike5_EE_Aplanck_B.clik' on test data. got -197.99 expected -197.99 (diff -4.1778e-08)
----
Checking lensing likelihood '/home/wnd22/rds/hpc-work/Polychord_solveb/clik_installs/data/planck_2018/baseline/plc_3.0/lensing/smicadx12_Dec5_ftl_mv2_ndclpp_p_teb_consext8.clik_lensing' on test data. got -4.42102
Job finished!
