[I 2026-07-24 22:07:06,508] Trial 119 finished with value: 10423.208012389538 and parameters: {'As': 2.303396598765743, 'ns': 0.9408627209227696, 'tau': 0.04436760651526024}. Best is trial 30 with value: 4178.979485893931.
[I 2026-07-24 22:07:25,395] Trial 120 finished with value: 4430.373574767986 and parameters: {'As': 2.205583659490738, 'ns': 0.9296819272377725, 'tau': 0.06318329461755377}. Best is trial 30 with value: 4178.979485893931.
[I 2026-07-24 22:07:44,420] Trial 121 finished with value: 5359.644712453792 and parameters: {'As': 2.175462382568173, 'ns': 0.9093251360254317, 'tau': 0.06317273475602274}. Best is trial 30 with value: 4178.979485893931.
[I 2026-07-24 22:08:03,441] Trial 122 finished with value: 4441.391451281618 and parameters: {'As': 2.223985508451629, 'ns': 0.9289246557785926, 'tau': 0.06479277394207304}. Best is trial 30 with value: 4178.979485893931.
[I 2026-07-24 22:08:22,458] Trial 123 finished with value: 4440.109833991522 and parameters: {'As': 2.2219704270745155, 'ns': 0.9288443191672545, 'tau': 0.06490712445954491}. Best is trial 30 with value: 4178.979485893931.
[I 2026-07-24 22:08:41,429] Trial 124 finished with value: 7915.01324801408 and parameters: {'As': 2.103249321586891, 'ns': 0.9184020140867626, 'tau': 0.06814283871764343}. Best is trial 30 with value: 4178.979485893931.
[I 2026-07-24 22:09:00,363] Trial 125 finished with value: 4845.644190996612 and parameters: {'As': 2.2732772436842565, 'ns': 0.9455481954997044, 'tau': 0.06701335302962966}. Best is trial 30 with value: 4178.979485893931.
[I 2026-07-24 22:09:19,383] Trial 126 finished with value: 5477.161317312602 and parameters: {'As': 2.1380240862165665, 'ns': 0.9248124776309232, 'tau': 0.06259451370033581}. Best is trial 30 with value: 4178.979485893931.
[I 2026-07-24 22:09:38,726] Trial 127 finished with value: 10957.04181334522 and parameters: {'As': 2.440101307723349, 'ns': 0.9376911553188316, 'tau': 0.07127378102146525}. Best is trial 30 with value: 4178.979485893931.
[I 2026-07-24 22:09:58,201] Trial 128 finished with value: 8629.178894428507 and parameters: {'As': 2.354216815147544, 'ns': 0.9741054060787636, 'tau': 0.06909025274148091}. Best is trial 30 with value: 4178.979485893931.
[I 2026-07-24 22:10:17,540] Trial 129 finished with value: 6310.570575672294 and parameters: {'As': 2.0725845105334764, 'ns': 0.9508143695315513, 'tau': 0.06152762879447171}. Best is trial 30 with value: 4178.979485893931.
[I 2026-07-24 22:10:36,835] Trial 130 finished with value: 4439.577929421959 and parameters: {'As': 2.237489531548307, 'ns': 0.9306218001691863, 'tau': 0.06637116576033401}. Best is trial 30 with value: 4178.979485893931.
[I 2026-07-24 22:10:56,339] Trial 131 finished with value: 4445.369925886605 and parameters: {'As': 2.2377781853988834, 'ns': 0.9306373756784393, 'tau': 0.06612429120554415}. Best is trial 30 with value: 4178.979485893931.
[I 2026-07-24 22:11:15,641] Trial 132 finished with value: 4704.329432027285 and parameters: {'As': 2.169071385887486, 'ns': 0.9348080364167769, 'tau': 0.0650776850710046}. Best is trial 30 with value: 4178.979485893931.
[I 2026-07-24 22:11:34,619] Trial 133 finished with value: 5579.025742749863 and parameters: {'As': 2.3045280749604435, 'ns': 0.9441846582288866, 'tau': 0.06730292578571302}. Best is trial 30 with value: 4178.979485893931.
[I 2026-07-24 22:11:53,626] Trial 134 finished with value: 4731.13034539976 and parameters: {'As': 2.2202739379751666, 'ns': 0.9212454425488094, 'tau': 0.07004042523367456}. Best is trial 30 with value: 4178.979485893931.
[I 2026-07-24 22:12:12,648] Trial 135 finished with value: 5054.347747882083 and parameters: {'As': 2.135435308408427, 'ns': 0.9399491582212685, 'tau': 0.06346284713531121}. Best is trial 30 with value: 4178.979485893931.
[I 2026-07-24 22:12:31,613] Trial 136 finished with value: 7308.5831026306305 and parameters: {'As': 2.26808957908778, 'ns': 1.0030878313112856, 'tau': 0.0640131523172991}. Best is trial 30 with value: 4178.979485893931.
[I 2026-07-24 22:12:50,588] Trial 137 finished with value: 4749.690294076523 and parameters: {'As': 2.196062961099135, 'ns': 0.9279714594442479, 'tau': 0.0687780067676447}. Best is trial 30 with value: 4178.979485893931.
[I 2026-07-24 22:13:09,464] Trial 138 finished with value: 5927.878703713859 and parameters: {'As': 2.093226424828837, 'ns': 0.9591146521512165, 'tau': 0.06623388596665807}. Best is trial 30 with value: 4178.979485893931.
[I 2026-07-24 22:13:28,288] Trial 139 finished with value: 8582.569159421844 and parameters: {'As': 2.0405847071150993, 'ns': 0.9322844358752032, 'tau': 0.06045781079619301}. Best is trial 30 with value: 4178.979485893931.
[I 2026-07-24 22:13:47,101] Trial 140 finished with value: 6886.958390962325 and parameters: {'As': 2.331003087666772, 'ns': 0.9249495411063106, 'tau': 0.06222176502013422}. Best is trial 30 with value: 4178.979485893931.
[I 2026-07-24 22:14:05,923] Trial 141 finished with value: 4432.5423116006705 and parameters: {'As': 2.212999523004709, 'ns': 0.9295672013272999, 'tau': 0.06469336155365095}. Best is trial 30 with value: 4178.979485893931.
[I 2026-07-24 22:14:24,868] Trial 142 finished with value: 4539.952211597364 and parameters: {'As': 2.1729005200898874, 'ns': 0.9376297972912457, 'tau': 0.0645067178502401}. Best is trial 30 with value: 4178.979485893931.
[I 2026-07-24 22:14:43,799] Trial 143 finished with value: 4822.578363800557 and parameters: {'As': 2.26690517533683, 'ns': 0.9425120142989214, 'tau': 0.065470186182483}. Best is trial 30 with value: 4178.979485893931.
[I 2026-07-24 22:15:02,652] Trial 144 finished with value: 4241.66269319298 and parameters: {'As': 2.2269292534802547, 'ns': 0.9484046012611776, 'tau': 0.06739941361197706}. Best is trial 30 with value: 4178.979485893931.
[I 2026-07-24 22:15:21,982] Trial 145 finished with value: 4692.016915002731 and parameters: {'As': 2.1527198970932537, 'ns': 0.9521483820859546, 'tau': 0.06748178199566404}. Best is trial 30 with value: 4178.979485893931.
[I 2026-07-24 22:15:40,907] Trial 146 finished with value: 5674.562964522744 and parameters: {'As': 2.3000033113609604, 'ns': 0.9492428605983814, 'tau': 0.06646601161996886}. Best is trial 30 with value: 4178.979485893931.
[I 2026-07-24 22:15:59,806] Trial 147 finished with value: 5945.27584236772 and parameters: {'As': 2.11264085963285, 'ns': 0.956892291666528, 'tau': 0.07040443494117118}. Best is trial 30 with value: 4178.979485893931.
[I 2026-07-24 22:16:18,742] Trial 148 finished with value: 4394.62467716393 and parameters: {'As': 2.2056675933356864, 'ns': 0.944876813751046, 'tau': 0.07225094952460592}. Best is trial 30 with value: 4178.979485893931.
[I 2026-07-24 22:16:37,657] Trial 149 finished with value: 4421.126208649135 and parameters: {'As': 2.192055528558862, 'ns': 0.948495695162917, 'tau': 0.07120480432813639}. Best is trial 30 with value: 4178.979485893931.
[I 2026-07-24 22:16:56,607] Trial 150 finished with value: 13394.252174773763 and parameters: {'As': 2.005482211169846, 'ns': 0.9475888055577475, 'tau': 0.07409569490077664}. Best is trial 30 with value: 4178.979485893931.
[I 2026-07-24 22:17:15,551] Trial 151 finished with value: 4561.771471319854 and parameters: {'As': 2.1881065012698198, 'ns': 0.9459360466070135, 'tau': 0.0717193580256288}. Best is trial 30 with value: 4178.979485893931.
[I 2026-07-24 22:17:34,482] Trial 152 finished with value: 4382.836317257276 and parameters: {'As': 2.216636254393692, 'ns': 0.9407627368451549, 'tau': 0.07241750267121089}. Best is trial 30 with value: 4178.979485893931.
[I 2026-07-24 22:17:53,427] Trial 153 finished with value: 5367.103287603396 and parameters: {'As': 2.145515377111525, 'ns': 0.9533220098942617, 'tau': 0.0728430402105565}. Best is trial 30 with value: 4178.979485893931.
[I 2026-07-24 22:18:12,358] Trial 154 finished with value: 4373.233202758038 and parameters: {'As': 2.2612782943477545, 'ns': 0.9413761824569574, 'tau': 0.07153708029831311}. Best is trial 30 with value: 4178.979485893931.
[I 2026-07-24 22:18:31,301] Trial 155 finished with value: 4353.635995699818 and parameters: {'As': 2.2620295780091246, 'ns': 0.9412269558356421, 'tau': 0.07233482085768261}. Best is trial 30 with value: 4178.979485893931.
[I 2026-07-24 22:18:50,259] Trial 156 finished with value: 8240.05967394976 and parameters: {'As': 2.376137644558464, 'ns': 0.9607284137219779, 'tau': 0.07215406775227345}. Best is trial 30 with value: 4178.979485893931.
[I 2026-07-24 22:19:09,227] Trial 157 finished with value: 4296.352719971283 and parameters: {'As': 2.2680752071137076, 'ns': 0.9423639045223664, 'tau': 0.0759124518270669}. Best is trial 30 with value: 4178.979485893931.
[I 2026-07-24 22:19:28,174] Trial 158 finished with value: 4310.705240937028 and parameters: {'As': 2.2662332905528193, 'ns': 0.9424631681269781, 'tau': 0.07472261410787172}. Best is trial 30 with value: 4178.979485893931.
[I 2026-07-24 22:19:47,032] Trial 159 finished with value: 4963.294155104513 and parameters: {'As': 2.3241048328919938, 'ns': 0.943638158937894, 'tau': 0.0768514811165288}. Best is trial 30 with value: 4178.979485893931.
[I 2026-07-24 22:20:05,857] Trial 160 finished with value: 4597.166552121649 and parameters: {'As': 2.288456056883313, 'ns': 0.9556037048507343, 'tau': 0.0748853449757574}. Best is trial 30 with value: 4178.979485893931.
[I 2026-07-24 22:20:24,676] Trial 161 finished with value: 4289.456479662806 and parameters: {'As': 2.256459025713657, 'ns': 0.9416900045065919, 'tau': 0.0738527519063772}. Best is trial 30 with value: 4178.979485893931.
[I 2026-07-24 22:20:43,501] Trial 162 finished with value: 4287.793875051089 and parameters: {'As': 2.272405931733264, 'ns': 0.9417484252511075, 'tau': 0.07799210230478766}. Best is trial 30 with value: 4178.979485893931.
[I 2026-07-24 22:21:02,355] Trial 163 finished with value: 4311.160076289019 and parameters: {'As': 2.2592559821207496, 'ns': 0.9397706718768642, 'tau': 0.07789800253265768}. Best is trial 30 with value: 4178.979485893931.
[I 2026-07-24 22:21:21,211] Trial 164 finished with value: 7160.90592388569 and parameters: {'As': 2.4061372918473687, 'ns': 0.9419155547977704, 'tau': 0.07956227099536416}. Best is trial 30 with value: 4178.979485893931.
[I 2026-07-24 22:21:40,111] Trial 165 finished with value: 6283.241379346875 and parameters: {'As': 2.3778817370876713, 'ns': 0.9398896659211672, 'tau': 0.07794833080025475}. Best is trial 30 with value: 4178.979485893931.
[I 2026-07-24 22:21:58,979] Trial 166 finished with value: 4253.4561104059185 and parameters: {'As': 2.2713431135226627, 'ns': 0.9456362638735573, 'tau': 0.07818223077001167}. Best is trial 30 with value: 4178.979485893931.
[I 2026-07-24 22:22:17,867] Trial 167 finished with value: 4341.5207664429045 and parameters: {'As': 2.2591383187487137, 'ns': 0.9364402608963778, 'tau': 0.07576798510701606}. Best is trial 30 with value: 4178.979485893931.
[I 2026-07-24 22:22:36,761] Trial 168 finished with value: 4377.187963143824 and parameters: {'As': 2.2810025386165904, 'ns': 0.9349743283436761, 'tau': 0.07802242406186007}. Best is trial 30 with value: 4178.979485893931.
[I 2026-07-24 22:22:55,698] Trial 169 finished with value: 5629.566616555348 and parameters: {'As': 2.339393663628695, 'ns': 0.9501957603272453, 'tau': 0.075616556115454}. Best is trial 30 with value: 4178.979485893931.
[I 2026-07-24 22:23:14,601] Trial 170 finished with value: 4266.424090945027 and parameters: {'As': 2.2724771852768773, 'ns': 0.9456784677873031, 'tau': 0.07757363547628361}. Best is trial 30 with value: 4178.979485893931.
[I 2026-07-24 22:23:33,520] Trial 171 finished with value: 4254.6907370975 and parameters: {'As': 2.271298007901597, 'ns': 0.9475315497357423, 'tau': 0.07747440307862495}. Best is trial 30 with value: 4178.979485893931.
[I 2026-07-24 22:23:52,457] Trial 172 finished with value: 4459.820883832319 and parameters: {'As': 2.294665554188862, 'ns': 0.9463032839788004, 'tau': 0.07725563383676974}. Best is trial 30 with value: 4178.979485893931.
[I 2026-07-24 22:24:11,378] Trial 173 finished with value: 4797.603430536539 and parameters: {'As': 2.320154077418174, 'ns': 0.9514247922872092, 'tau': 0.0788498564304595}. Best is trial 30 with value: 4178.979485893931.
[I 2026-07-24 22:24:30,319] Trial 174 finished with value: 4337.965125625599 and parameters: {'As': 2.257166627407712, 'ns': 0.9370050151013704, 'tau': 0.07618648510472986}. Best is trial 30 with value: 4178.979485893931.
[I 2026-07-24 22:24:49,271] Trial 175 finished with value: 4337.951960357605 and parameters: {'As': 2.2579895372367775, 'ns': 0.9369482069477458, 'tau': 0.07623059619044993}. Best is trial 30 with value: 4178.979485893931.
[I 2026-07-24 22:25:08,235] Trial 176 finished with value: 6024.686817008318 and parameters: {'As': 2.36390466911822, 'ns': 0.936802212624039, 'tau': 0.07608909678700215}. Best is trial 30 with value: 4178.979485893931.
[I 2026-07-24 22:25:27,203] Trial 177 finished with value: 4252.917517618228 and parameters: {'As': 2.27211193437783, 'ns': 0.9472435822822862, 'tau': 0.07782323866547114}. Best is trial 30 with value: 4178.979485893931.
[I 2026-07-24 22:25:46,181] Trial 178 finished with value: 8385.909620599308 and parameters: {'As': 2.4166807317186447, 'ns': 0.9463444977196869, 'tau': 0.0771526464564508}. Best is trial 30 with value: 4178.979485893931.
[I 2026-07-24 22:26:05,190] Trial 179 finished with value: 4177.126232156836 and parameters: {'As': 2.25918387948446, 'ns': 0.9540005116031465, 'tau': 0.07853002350560172}. Best is trial 179 with value: 4177.126232156836.
[I 2026-07-24 22:26:24,057] Trial 180 finished with value: 4601.759070920666 and parameters: {'As': 2.31182000512866, 'ns': 0.9539083686265661, 'tau': 0.07977890465905581}. Best is trial 179 with value: 4177.126232156836.
[I 2026-07-24 22:26:42,882] Trial 181 finished with value: 4244.099232652302 and parameters: {'As': 2.2728973070323923, 'ns': 0.9479670606372677, 'tau': 0.07832966065823535}. Best is trial 179 with value: 4177.126232156836.
[I 2026-07-24 22:27:01,694] Trial 182 finished with value: 5609.229932405848 and parameters: {'As': 2.3511677599593974, 'ns': 0.9489988435882036, 'tau': 0.07810987533524039}. Best is trial 179 with value: 4177.126232156836.
[I 2026-07-24 22:27:20,523] Trial 183 finished with value: 4173.2078682181445 and parameters: {'As': 2.250010436888622, 'ns': 0.9550818898391734, 'tau': 0.07892239111287004}. Best is trial 183 with value: 4173.2078682181445.
[I 2026-07-24 22:27:39,374] Trial 184 finished with value: 4210.990913947891 and parameters: {'As': 2.271313394471758, 'ns': 0.953403289279091, 'tau': 0.0789029345587442}. Best is trial 183 with value: 4173.2078682181445.
[I 2026-07-24 22:27:58,229] Trial 185 finished with value: 4652.2336644588995 and parameters: {'As': 2.303346230360534, 'ns': 0.9626672587376652, 'tau': 0.07884161605116952}. Best is trial 183 with value: 4173.2078682181445.
[I 2026-07-24 22:28:17,128] Trial 186 finished with value: 4171.798794570961 and parameters: {'As': 2.257303011199824, 'ns': 0.9575447638029421, 'tau': 0.07755145865003522}. Best is trial 186 with value: 4171.798794570961.
[I 2026-07-24 22:28:36,004] Trial 187 finished with value: 4967.420889142483 and parameters: {'As': 2.319343817456397, 'ns': 0.9575286550950937, 'tau': 0.07798980669570311}. Best is trial 186 with value: 4171.798794570961.
[I 2026-07-24 22:28:54,902] Trial 188 finished with value: 4323.2087278725185 and parameters: {'As': 2.279628656851734, 'ns': 0.954246697849437, 'tau': 0.07729389744202056}. Best is trial 186 with value: 4171.798794570961.
[I 2026-07-24 22:29:13,811] Trial 189 finished with value: 6086.2598047017555 and parameters: {'As': 2.3569865178178526, 'ns': 0.9546800219219128, 'tau': 0.0772918120834865}. Best is trial 186 with value: 4171.798794570961.
[I 2026-07-24 22:29:32,727] Trial 190 finished with value: 4300.110712957788 and parameters: {'As': 2.2834209992417795, 'ns': 0.9591331320531141, 'tau': 0.07930804761418851}. Best is trial 186 with value: 4171.798794570961.
[I 2026-07-24 22:29:51,656] Trial 191 finished with value: 4400.237420989695 and parameters: {'As': 2.285543673099173, 'ns': 0.9663877456755826, 'tau': 0.07923199367207724}. Best is trial 186 with value: 4171.798794570961.
[I 2026-07-24 22:30:10,586] Trial 192 finished with value: 4156.990875278385 and parameters: {'As': 2.261939738410725, 'ns': 0.9585453987226333, 'tau': 0.07997707936499121}. Best is trial 192 with value: 4156.990875278385.
[I 2026-07-24 22:30:29,518] Trial 193 finished with value: 4185.363642517844 and parameters: {'As': 2.2420404440631616, 'ns': 0.9581284795869881, 'tau': 0.07973858366295569}. Best is trial 192 with value: 4156.990875278385.
[I 2026-07-24 22:30:48,473] Trial 194 finished with value: 5207.963972222609 and parameters: {'As': 2.1714679769412295, 'ns': 0.9621128026499774, 'tau': 0.07989438320664399}. Best is trial 192 with value: 4156.990875278385.
[I 2026-07-24 22:31:07,406] Trial 195 finished with value: 62999.90340314948 and parameters: {'As': 2.850886760158549, 'ns': 0.9600019283585646, 'tau': 0.07896590304998385}. Best is trial 192 with value: 4156.990875278385.
[I 2026-07-24 22:31:26,355] Trial 196 finished with value: 4258.599153666636 and parameters: {'As': 2.237349146267804, 'ns': 0.9515311849642657, 'tau': 0.07860879039053781}. Best is trial 192 with value: 4156.990875278385.
[I 2026-07-24 22:31:45,318] Trial 197 finished with value: 5279.481935747002 and parameters: {'As': 2.3249799346220263, 'ns': 0.967778684103919, 'tau': 0.0787424316349381}. Best is trial 192 with value: 4156.990875278385.
[I 2026-07-24 22:32:04,268] Trial 198 finished with value: 4237.667640019672 and parameters: {'As': 2.2346659848296375, 'ns': 0.9572388073591622, 'tau': 0.07973129134834225}. Best is trial 192 with value: 4156.990875278385.
