[I 2026-07-24 15:24:12,712] Trial 120 finished with value: 2e+30 and parameters: {'As': 2.020144890105057, 'ns': 0.990639246274745, 'tau': 0.04929703728352394}. Best is trial 51 with value: 4160.775618891815.
[I 2026-07-24 15:24:31,817] Trial 121 finished with value: 4732.140793435241 and parameters: {'As': 2.1717177241333165, 'ns': 0.9638015730583059, 'tau': 0.04821664369159741}. Best is trial 51 with value: 4160.775618891815.
[I 2026-07-24 15:24:51,275] Trial 122 finished with value: 8371.367608156112 and parameters: {'As': 2.2689142042799952, 'ns': 0.9545791340136642, 'tau': 0.0468896623357236}. Best is trial 51 with value: 4160.775618891815.
[I 2026-07-24 15:25:10,676] Trial 123 finished with value: 4319.056392978033 and parameters: {'As': 2.1382839054479446, 'ns': 0.9696414139142923, 'tau': 0.047453459963455305}. Best is trial 51 with value: 4160.775618891815.
[I 2026-07-24 15:25:30,016] Trial 124 finished with value: 193664.6067614801 and parameters: {'As': 3.097688768801352, 'ns': 0.970889238809869, 'tau': 0.045340272028431286}. Best is trial 51 with value: 4160.775618891815.
[I 2026-07-24 15:25:49,266] Trial 125 finished with value: 4431.80510728729 and parameters: {'As': 2.0835265294450203, 'ns': 0.9779805412959892, 'tau': 0.054046318135905165}. Best is trial 51 with value: 4160.775618891815.
[I 2026-07-24 15:26:08,675] Trial 126 finished with value: 4471.097939582627 and parameters: {'As': 2.2100985362190033, 'ns': 0.930790179897341, 'tau': 0.06737894383658988}. Best is trial 51 with value: 4160.775618891815.
[I 2026-07-24 15:26:27,910] Trial 127 finished with value: 4885.086382314141 and parameters: {'As': 2.0523747213054655, 'ns': 0.9414210731709172, 'tau': 0.04221294077161836}. Best is trial 51 with value: 4160.775618891815.
[I 2026-07-24 15:26:47,113] Trial 128 finished with value: 4538.36613164022 and parameters: {'As': 2.1169540879187694, 'ns': 0.9812975366661938, 'tau': 0.06426227704036656}. Best is trial 51 with value: 4160.775618891815.
[I 2026-07-24 15:27:06,617] Trial 129 finished with value: 12036.618497052115 and parameters: {'As': 1.9107195519980442, 'ns': 0.9577418139488095, 'tau': 0.0477260074508807}. Best is trial 51 with value: 4160.775618891815.
[I 2026-07-24 15:27:25,901] Trial 130 finished with value: 11488.020863470907 and parameters: {'As': 2.3155335832111104, 'ns': 0.9677636954789138, 'tau': 0.04956345785355929}. Best is trial 51 with value: 4160.775618891815.
[I 2026-07-24 15:27:45,211] Trial 131 finished with value: 4268.159889114019 and parameters: {'As': 2.139627296955397, 'ns': 0.9620163874574084, 'tau': 0.04714064383815574}. Best is trial 51 with value: 4160.775618891815.
[I 2026-07-24 15:28:04,305] Trial 132 finished with value: 4241.809787300107 and parameters: {'As': 2.1389004541206185, 'ns': 0.9527868400808155, 'tau': 0.04649586611187547}. Best is trial 51 with value: 4160.775618891815.
[I 2026-07-24 15:28:23,618] Trial 133 finished with value: 16352.901323325179 and parameters: {'As': 1.850005727586217, 'ns': 0.9516577770476218, 'tau': 0.04341318229571651}. Best is trial 51 with value: 4160.775618891815.
[I 2026-07-24 15:28:42,956] Trial 134 finished with value: 7970.151663790907 and parameters: {'As': 2.2401273632768772, 'ns': 0.9732192780990889, 'tau': 0.04639163996895417}. Best is trial 51 with value: 4160.775618891815.
[I 2026-07-24 15:29:02,170] Trial 135 finished with value: 4310.588352002801 and parameters: {'As': 2.130369797154895, 'ns': 0.9659752952945356, 'tau': 0.04488146762178157}. Best is trial 51 with value: 4160.775618891815.
[I 2026-07-24 15:29:21,455] Trial 136 finished with value: 6321.466320309545 and parameters: {'As': 1.9856483706404264, 'ns': 0.9649956737887216, 'tau': 0.043691616315229054}. Best is trial 51 with value: 4160.775618891815.
[I 2026-07-24 15:29:40,821] Trial 137 finished with value: 4532.403644311254 and parameters: {'As': 2.037002870616692, 'ns': 0.9571642623364521, 'tau': 0.03912052877626648}. Best is trial 51 with value: 4160.775618891815.
[I 2026-07-24 15:30:00,181] Trial 138 finished with value: 5034.366858495764 and parameters: {'As': 2.190871537364091, 'ns': 0.9376202749310618, 'tau': 0.04532271350278397}. Best is trial 51 with value: 4160.775618891815.
[I 2026-07-24 15:30:19,322] Trial 139 finished with value: 4231.70516880212 and parameters: {'As': 2.1035196819683972, 'ns': 0.9612997505061247, 'tau': 0.051005218708098626}. Best is trial 51 with value: 4160.775618891815.
[I 2026-07-24 15:30:38,589] Trial 140 finished with value: 4546.157141141519 and parameters: {'As': 2.1094962171508636, 'ns': 0.945316476899731, 'tau': 0.05298640953916302}. Best is trial 51 with value: 4160.775618891815.
[I 2026-07-24 15:30:57,770] Trial 141 finished with value: 4239.811712453523 and parameters: {'As': 2.1545545808226305, 'ns': 0.9628345397303767, 'tau': 0.05148800553709493}. Best is trial 51 with value: 4160.775618891815.
[I 2026-07-24 15:31:17,111] Trial 142 finished with value: 4766.784687227616 and parameters: {'As': 2.081248601424454, 'ns': 0.9510827090873082, 'tau': 0.051107814516957034}. Best is trial 51 with value: 4160.775618891815.
[I 2026-07-24 15:31:36,433] Trial 143 finished with value: 5220.984036005439 and parameters: {'As': 2.210852947788042, 'ns': 0.9605007984382977, 'tau': 0.05199551201398744}. Best is trial 51 with value: 4160.775618891815.
[I 2026-07-24 15:31:55,719] Trial 144 finished with value: 4146.040335068819 and parameters: {'As': 2.136255338538116, 'ns': 0.9563017045577576, 'tau': 0.05036473955443109}. Best is trial 144 with value: 4146.040335068819.
[I 2026-07-24 15:32:14,781] Trial 145 finished with value: 7138.939617179915 and parameters: {'As': 2.261152744000713, 'ns': 0.9546422160880569, 'tau': 0.05054951670406292}. Best is trial 144 with value: 4146.040335068819.
[I 2026-07-24 15:32:34,028] Trial 146 finished with value: 5737.9918387204525 and parameters: {'As': 2.0640938760024072, 'ns': 0.9485808596626093, 'tau': 0.05493532069027214}. Best is trial 144 with value: 4146.040335068819.
[I 2026-07-24 15:32:53,297] Trial 147 finished with value: 4781.146332617562 and parameters: {'As': 2.186012505542757, 'ns': 0.9596285212661526, 'tau': 0.05013605182451654}. Best is trial 144 with value: 4146.040335068819.
[I 2026-07-24 15:33:12,555] Trial 148 finished with value: 6937.473396722923 and parameters: {'As': 2.02979047633533, 'ns': 0.9447375436826639, 'tau': 0.05305257065048403}. Best is trial 144 with value: 4146.040335068819.
[I 2026-07-24 15:33:31,823] Trial 149 finished with value: 4489.3884429699965 and parameters: {'As': 2.096202931218321, 'ns': 0.9537202079265584, 'tau': 0.05186473671707471}. Best is trial 144 with value: 4146.040335068819.
[I 2026-07-24 15:33:51,111] Trial 150 finished with value: 4731.214103569946 and parameters: {'As': 2.236449214438526, 'ns': 0.9613888031920077, 'tau': 0.06260869480440137}. Best is trial 144 with value: 4146.040335068819.
[I 2026-07-24 15:34:10,343] Trial 151 finished with value: 4198.685506267835 and parameters: {'As': 2.134523816608745, 'ns': 0.9662030914453275, 'tau': 0.0485343479215507}. Best is trial 144 with value: 4146.040335068819.
[I 2026-07-24 15:34:29,585] Trial 152 finished with value: 4400.23106511261 and parameters: {'As': 2.149275487782558, 'ns': 0.9711890990855708, 'tau': 0.049028636223052376}. Best is trial 144 with value: 4146.040335068819.
[I 2026-07-24 15:34:48,851] Trial 153 finished with value: 4833.237183190208 and parameters: {'As': 2.182854556449078, 'ns': 0.956982931007456, 'tau': 0.048345737009019556}. Best is trial 144 with value: 4146.040335068819.
[I 2026-07-24 15:35:07,881] Trial 154 finished with value: 4159.666124043648 and parameters: {'As': 2.123525796603766, 'ns': 0.9766255891074582, 'tau': 0.05034035890074128}. Best is trial 144 with value: 4146.040335068819.
[I 2026-07-24 15:35:26,872] Trial 155 finished with value: 2e+30 and parameters: {'As': 1.9748747845425119, 'ns': 0.9749847024262129, 'tau': 0.07971335893958462}. Best is trial 144 with value: 4146.040335068819.
[I 2026-07-24 15:35:45,962] Trial 156 finished with value: 4150.846809971463 and parameters: {'As': 2.0916633277139747, 'ns': 0.965335315781675, 'tau': 0.04666768070834232}. Best is trial 144 with value: 4146.040335068819.
[I 2026-07-24 15:36:05,159] Trial 157 finished with value: 4313.706910788804 and parameters: {'As': 2.0839872807650006, 'ns': 0.9676463819119203, 'tau': 0.049888705657152074}. Best is trial 144 with value: 4146.040335068819.
[I 2026-07-24 15:36:24,323] Trial 158 finished with value: 9623.689735520078 and parameters: {'As': 2.0081040854672456, 'ns': 0.963871930945111, 'tau': 0.06530380045394159}. Best is trial 144 with value: 4146.040335068819.
[I 2026-07-24 15:36:43,349] Trial 159 finished with value: 4196.757888880048 and parameters: {'As': 2.1126782988753874, 'ns': 0.9769533688094997, 'tau': 0.04645193750957794}. Best is trial 144 with value: 4146.040335068819.
[I 2026-07-24 15:37:02,511] Trial 160 finished with value: 4405.370968356486 and parameters: {'As': 2.068907043917992, 'ns': 0.9838582825047535, 'tau': 0.05097634668756831}. Best is trial 144 with value: 4146.040335068819.
[I 2026-07-24 15:37:21,645] Trial 161 finished with value: 4284.822131734857 and parameters: {'As': 2.12143254661845, 'ns': 0.9774594829095581, 'tau': 0.04639022342537653}. Best is trial 144 with value: 4146.040335068819.
[I 2026-07-24 15:37:40,778] Trial 162 finished with value: 4178.81699761348 and parameters: {'As': 2.1269010783444773, 'ns': 0.9701253996558281, 'tau': 0.04829358567947824}. Best is trial 144 with value: 4146.040335068819.
[I 2026-07-24 15:37:59,857] Trial 163 finished with value: 6205.044596135 and parameters: {'As': 2.2127886365489196, 'ns': 0.972828724896294, 'tau': 0.04867793938622032}. Best is trial 144 with value: 4146.040335068819.
[I 2026-07-24 15:38:18,972] Trial 164 finished with value: 4971.247361520388 and parameters: {'As': 2.036255341834016, 'ns': 0.9800514792241198, 'tau': 0.049510388292998656}. Best is trial 144 with value: 4146.040335068819.
[I 2026-07-24 15:38:38,164] Trial 165 finished with value: 4134.024251020278 and parameters: {'As': 2.096316162034806, 'ns': 0.9688755529567449, 'tau': 0.047847410106139465}. Best is trial 165 with value: 4134.024251020278.
[I 2026-07-24 15:38:57,184] Trial 166 finished with value: 4192.952844649965 and parameters: {'As': 2.0966840071421102, 'ns': 0.9689209994876615, 'tau': 0.05033803440028731}. Best is trial 165 with value: 4134.024251020278.
[I 2026-07-24 15:39:16,189] Trial 167 finished with value: 4279.642594149745 and parameters: {'As': 2.0761612039737543, 'ns': 0.97008578064525, 'tau': 0.04785556488305285}. Best is trial 165 with value: 4134.024251020278.
[I 2026-07-24 15:39:35,295] Trial 168 finished with value: 2e+30 and parameters: {'As': 1.9538907382101764, 'ns': 0.9887408331988558, 'tau': 0.05036339649982726}. Best is trial 165 with value: 4134.024251020278.
[I 2026-07-24 15:39:54,324] Trial 169 finished with value: 5117.509464459553 and parameters: {'As': 2.1021609828056276, 'ns': 0.9763782630233059, 'tau': 0.06620239841184145}. Best is trial 165 with value: 4134.024251020278.
[I 2026-07-24 15:40:13,274] Trial 170 finished with value: 6256.992954513847 and parameters: {'As': 2.003969713923578, 'ns': 0.9684812252188736, 'tau': 0.04877415009378303}. Best is trial 165 with value: 4134.024251020278.
[I 2026-07-24 15:40:32,312] Trial 171 finished with value: 4621.478863934596 and parameters: {'As': 2.1769988000697116, 'ns': 0.9657509410289108, 'tau': 0.05114833481173329}. Best is trial 165 with value: 4134.024251020278.
[I 2026-07-24 15:40:51,311] Trial 172 finished with value: 4820.895876341375 and parameters: {'As': 2.0497550496632515, 'ns': 0.9723677436619642, 'tau': 0.04968354761133281}. Best is trial 165 with value: 4134.024251020278.
[I 2026-07-24 15:41:10,313] Trial 173 finished with value: 4133.00884882359 and parameters: {'As': 2.1150734612911295, 'ns': 0.9662731940394166, 'tau': 0.051604539538697806}. Best is trial 173 with value: 4133.00884882359.
[I 2026-07-24 15:41:29,424] Trial 174 finished with value: 5425.177575432218 and parameters: {'As': 2.09684390865244, 'ns': 0.9757129964885991, 'tau': 0.0674020527354206}. Best is trial 173 with value: 4133.00884882359.
[I 2026-07-24 15:41:48,394] Trial 175 finished with value: 4626.566333423603 and parameters: {'As': 2.1103679876506676, 'ns': 0.9826427919881093, 'tau': 0.06413207286182901}. Best is trial 173 with value: 4133.00884882359.
[I 2026-07-24 15:42:07,366] Trial 176 finished with value: 6270.381606776132 and parameters: {'As': 2.2136394698225916, 'ns': 0.9695082895389815, 'tau': 0.04767401589933704}. Best is trial 173 with value: 4133.00884882359.
[I 2026-07-24 15:42:26,327] Trial 177 finished with value: 7993.62877314038 and parameters: {'As': 2.2809920519665, 'ns': 0.9656074693553489, 'tau': 0.05358559367597489}. Best is trial 173 with value: 4133.00884882359.
[I 2026-07-24 15:42:45,320] Trial 178 finished with value: 309061.6871413156 and parameters: {'As': 3.411207281164112, 'ns': 0.9581691440687834, 'tau': 0.04899375009659057}. Best is trial 173 with value: 4133.00884882359.
[I 2026-07-24 15:43:04,260] Trial 179 finished with value: 4768.266203339782 and parameters: {'As': 2.0547937283058384, 'ns': 0.9721304515490744, 'tau': 0.05029176582498626}. Best is trial 173 with value: 4133.00884882359.
[I 2026-07-24 15:43:23,223] Trial 180 finished with value: 5385.4156056505535 and parameters: {'As': 2.170685234826055, 'ns': 0.9788743972946604, 'tau': 0.04593793121442194}. Best is trial 173 with value: 4133.00884882359.
[I 2026-07-24 15:43:42,176] Trial 181 finished with value: 4159.756940651063 and parameters: {'As': 2.1444467572354684, 'ns': 0.9632512358936758, 'tau': 0.0516874050178964}. Best is trial 173 with value: 4133.00884882359.
[I 2026-07-24 15:44:01,128] Trial 182 finished with value: 4118.575621471674 and parameters: {'As': 2.121892530939504, 'ns': 0.9677795868550815, 'tau': 0.0525054630901859}. Best is trial 182 with value: 4118.575621471674.
[I 2026-07-24 15:44:20,133] Trial 183 finished with value: 4116.167562957555 and parameters: {'As': 2.1320674996134676, 'ns': 0.9682656314025392, 'tau': 0.05242838309703062}. Best is trial 183 with value: 4116.167562957555.
[I 2026-07-24 15:44:39,108] Trial 184 finished with value: 4112.340474947141 and parameters: {'As': 2.1259161237019573, 'ns': 0.9684295926650386, 'tau': 0.052581245881857024}. Best is trial 184 with value: 4112.340474947141.
[I 2026-07-24 15:44:58,064] Trial 185 finished with value: 2e+30 and parameters: {'As': 1.5073005977312237, 'ns': 0.9698505500805368, 'tau': 0.05432929819554683}. Best is trial 184 with value: 4112.340474947141.
[I 2026-07-24 15:45:17,077] Trial 186 finished with value: 4120.829462151206 and parameters: {'As': 2.124292560615879, 'ns': 0.9749521184503973, 'tau': 0.05314695760175088}. Best is trial 184 with value: 4112.340474947141.
[I 2026-07-24 15:45:36,081] Trial 187 finished with value: 4123.947592409589 and parameters: {'As': 2.1269731404918493, 'ns': 0.9748228758636681, 'tau': 0.05290805481004094}. Best is trial 184 with value: 4112.340474947141.
[I 2026-07-24 15:45:55,054] Trial 188 finished with value: 4205.350818066004 and parameters: {'As': 2.128334169039909, 'ns': 0.9843377718885393, 'tau': 0.05298452854530095}. Best is trial 184 with value: 4112.340474947141.
[I 2026-07-24 15:46:14,029] Trial 189 finished with value: 4740.318388842614 and parameters: {'As': 2.19049550556665, 'ns': 0.9757475886543057, 'tau': 0.055430321894962525}. Best is trial 184 with value: 4112.340474947141.
[I 2026-07-24 15:46:33,024] Trial 190 finished with value: 6887.926808830603 and parameters: {'As': 2.013980058750281, 'ns': 0.9739459736897581, 'tau': 0.05630625004268391}. Best is trial 184 with value: 4112.340474947141.
[I 2026-07-24 15:46:51,995] Trial 191 finished with value: 4246.914036381603 and parameters: {'As': 2.1349320634239968, 'ns': 0.983699876123893, 'tau': 0.05281663612478309}. Best is trial 184 with value: 4112.340474947141.
[I 2026-07-24 15:47:11,026] Trial 192 finished with value: 4178.982821136847 and parameters: {'As': 2.1199098148598643, 'ns': 0.9863172522421648, 'tau': 0.054065282927879946}. Best is trial 184 with value: 4112.340474947141.
[I 2026-07-24 15:47:30,047] Trial 193 finished with value: 6854.275188265735 and parameters: {'As': 2.224972940739008, 'ns': 0.9971071792509023, 'tau': 0.05472504183099541}. Best is trial 184 with value: 4112.340474947141.
[I 2026-07-24 15:47:49,049] Trial 194 finished with value: 4800.65943749367 and parameters: {'As': 2.0570968350587804, 'ns': 0.9777600329916757, 'tau': 0.052412115346859016}. Best is trial 184 with value: 4112.340474947141.
[I 2026-07-24 15:48:08,016] Trial 195 finished with value: 4255.639823258429 and parameters: {'As': 2.1602795594797435, 'ns': 0.969426367089621, 'tau': 0.05389846069641853}. Best is trial 184 with value: 4112.340474947141.
[I 2026-07-24 15:48:27,057] Trial 196 finished with value: 4162.837705422251 and parameters: {'As': 2.122789639594438, 'ns': 0.9804780217170338, 'tau': 0.05175690728253404}. Best is trial 184 with value: 4112.340474947141.
[I 2026-07-24 15:48:46,095] Trial 197 finished with value: 2e+30 and parameters: {'As': 2.0944743879193854, 'ns': 0.991309699456985, 'tau': 0.0580373672959165}. Best is trial 184 with value: 4112.340474947141.
[I 2026-07-24 15:49:05,132] Trial 198 finished with value: 5229.613849762967 and parameters: {'As': 2.1889916193435197, 'ns': 0.9810427185458245, 'tau': 0.05200739597979398}. Best is trial 184 with value: 4112.340474947141.
