[I 2026-07-24 22:32:23,224] Trial 199 finished with value: 4375.620026198857 and parameters: {'As': 2.230242777427549, 'ns': 0.9513072455635765, 'tau': 0.07990212116519144}. Best is trial 192 with value: 4156.990875278385.
/rds/user/wnd22/hpc-work/Polychord_solveb/env_Polychord_solveb/lib/python3.8/site-packages/classy.cpython-38-x86_64-linux-gnu.so
Set start_params as default 
Initializing Planck Likelihood...
Planck Likelihood Initialized!
Loaded A_sparse (column-normalised): shape (107, 92)  (N_k_int=107, m_cca=92)
N_k_int=107, m_cca=92
eigenvecs shape: (107, 92)
Starting sequential Optuna optimization in SLURM...
Truncating right after the physical dip at index 57, k = 8.8301e-03
chi_eff_sq=349445.77778428077
Truncating right after the physical dip at index 57, k = 8.8301e-03
chi_eff_sq=51890.6905412976
Truncating right after the physical dip at index 57, k = 8.8301e-03
chi_eff_sq=43315.70984364887
Truncating right after the physical dip at index 57, k = 8.8301e-03
chi_eff_sq=2e+30
Truncating right after the physical dip at index 57, k = 8.8301e-03
chi_eff_sq=102619.86783961477
Truncating right after the physical dip at index 57, k = 8.8301e-03
chi_eff_sq=93602.15008379555
Truncating right after the physical dip at index 57, k = 8.8301e-03
chi_eff_sq=16004.380212182594
Truncating right after the physical dip at index 57, k = 8.8301e-03
chi_eff_sq=9524.60604362174
Truncating right after the physical dip at index 57, k = 8.8301e-03
chi_eff_sq=36900.945508228
Truncating right after the physical dip at index 57, k = 8.8301e-03
chi_eff_sq=2e+30
Truncating right after the physical dip at index 57, k = 8.8301e-03
chi_eff_sq=2e+30
Truncating right after the physical dip at index 57, k = 8.8301e-03
chi_eff_sq=15352.072591084172
Truncating right after the physical dip at index 57, k = 8.8301e-03
chi_eff_sq=7089.961420075059
Truncating right after the physical dip at index 57, k = 8.8301e-03
chi_eff_sq=6639.46993894018
Truncating right after the physical dip at index 57, k = 8.8301e-03
chi_eff_sq=5105.152950322323
Truncating right after the physical dip at index 57, k = 8.8301e-03
chi_eff_sq=2e+30
Truncating right after the physical dip at index 57, k = 8.8301e-03
chi_eff_sq=144647.5251765427
Truncating right after the physical dip at index 57, k = 8.8301e-03
chi_eff_sq=7502.081498253276
Truncating right after the physical dip at index 57, k = 8.8301e-03
chi_eff_sq=2e+30
Truncating right after the physical dip at index 57, k = 8.8301e-03
chi_eff_sq=227968.15948027425
Truncating right after the physical dip at index 57, k = 8.8301e-03
chi_eff_sq=2e+30
Truncating right after the physical dip at index 57, k = 8.8301e-03
chi_eff_sq=4773.497847739587
Truncating right after the physical dip at index 57, k = 8.8301e-03
chi_eff_sq=4646.079004987212
Truncating right after the physical dip at index 57, k = 8.8301e-03
chi_eff_sq=6768.149552018064
Truncating right after the physical dip at index 57, k = 8.8301e-03
chi_eff_sq=2e+30
Truncating right after the physical dip at index 57, k = 8.8301e-03
chi_eff_sq=27301.604617591496
Truncating right after the physical dip at index 57, k = 8.8301e-03
chi_eff_sq=18025.901014389183
Truncating right after the physical dip at index 57, k = 8.8301e-03
chi_eff_sq=17221.54459980732
Truncating right after the physical dip at index 57, k = 8.8301e-03
chi_eff_sq=2e+30
Truncating right after the physical dip at index 57, k = 8.8301e-03
chi_eff_sq=2e+30
Truncating right after the physical dip at index 57, k = 8.8301e-03
chi_eff_sq=4178.979485893931
Truncating right after the physical dip at index 57, k = 8.8301e-03
chi_eff_sq=4220.542425966512
Truncating right after the physical dip at index 57, k = 8.8301e-03
chi_eff_sq=5271.851912065287
Truncating right after the physical dip at index 57, k = 8.8301e-03
chi_eff_sq=8139.6939540089215
Truncating right after the physical dip at index 57, k = 8.8301e-03
chi_eff_sq=28421.842829051246
Truncating right after the physical dip at index 57, k = 8.8301e-03
chi_eff_sq=39752.295226199116
Truncating right after the physical dip at index 57, k = 8.8301e-03
chi_eff_sq=4411.722862648278
Truncating right after the physical dip at index 57, k = 8.8301e-03
chi_eff_sq=80632.05504333314
Truncating right after the physical dip at index 57, k = 8.8301e-03
chi_eff_sq=7968.569478533569
Truncating right after the physical dip at index 57, k = 8.8301e-03
chi_eff_sq=18962.83103746405
Truncating right after the physical dip at index 57, k = 8.8301e-03
chi_eff_sq=11016.160147283495
Truncating right after the physical dip at index 57, k = 8.8301e-03
chi_eff_sq=4341.196824080685
Truncating right after the physical dip at index 57, k = 8.8301e-03
chi_eff_sq=26988.356739803683
Truncating right after the physical dip at index 57, k = 8.8301e-03
chi_eff_sq=10621.01304772495
Truncating right after the physical dip at index 57, k = 8.8301e-03
chi_eff_sq=5807.954568834861
Truncating right after the physical dip at index 57, k = 8.8301e-03
chi_eff_sq=6688.712431183786
Truncating right after the physical dip at index 57, k = 8.8301e-03
chi_eff_sq=4720.030712991592
Truncating right after the physical dip at index 57, k = 8.8301e-03
chi_eff_sq=47578.902610502955
Truncating right after the physical dip at index 57, k = 8.8301e-03
chi_eff_sq=285898.19947253604
Truncating right after the physical dip at index 57, k = 8.8301e-03
chi_eff_sq=2e+30
Truncating right after the physical dip at index 57, k = 8.8301e-03
chi_eff_sq=2e+30
Truncating right after the physical dip at index 57, k = 8.8301e-03
chi_eff_sq=5644.010463962881
Truncating right after the physical dip at index 57, k = 8.8301e-03
chi_eff_sq=4357.483499593621
Truncating right after the physical dip at index 57, k = 8.8301e-03
chi_eff_sq=10047.59622106537
Truncating right after the physical dip at index 57, k = 8.8301e-03
chi_eff_sq=24998.213631243725
Truncating right after the physical dip at index 57, k = 8.8301e-03
chi_eff_sq=7169.96024976152
Truncating right after the physical dip at index 57, k = 8.8301e-03
chi_eff_sq=4442.142642728727
Truncating right after the physical dip at index 57, k = 8.8301e-03
chi_eff_sq=8651.976376412016
Truncating right after the physical dip at index 57, k = 8.8301e-03
chi_eff_sq=5757.704872522121
Truncating right after the physical dip at index 57, k = 8.8301e-03
chi_eff_sq=8369.615832886348
Truncating right after the physical dip at index 57, k = 8.8301e-03
chi_eff_sq=21243.689961597007
Truncating right after the physical dip at index 57, k = 8.8301e-03
chi_eff_sq=4737.502431104856
Truncating right after the physical dip at index 57, k = 8.8301e-03
chi_eff_sq=4498.711014062077
Truncating right after the physical dip at index 57, k = 8.8301e-03
chi_eff_sq=4944.706751648442
Truncating right after the physical dip at index 57, k = 8.8301e-03
chi_eff_sq=7426.219771838768
Truncating right after the physical dip at index 57, k = 8.8301e-03
chi_eff_sq=4368.0590044569735
Truncating right after the physical dip at index 57, k = 8.8301e-03
chi_eff_sq=2e+30
Truncating right after the physical dip at index 57, k = 8.8301e-03
chi_eff_sq=8988.546367774645
Truncating right after the physical dip at index 57, k = 8.8301e-03
chi_eff_sq=5192.57746153299
Truncating right after the physical dip at index 57, k = 8.8301e-03
chi_eff_sq=9260.623105240826
Truncating right after the physical dip at index 57, k = 8.8301e-03
chi_eff_sq=40086.96910383729
Truncating right after the physical dip at index 57, k = 8.8301e-03
chi_eff_sq=4962.756049957353
Truncating right after the physical dip at index 57, k = 8.8301e-03
chi_eff_sq=12723.391797166845
Truncating right after the physical dip at index 57, k = 8.8301e-03
chi_eff_sq=4530.203061880453
Truncating right after the physical dip at index 57, k = 8.8301e-03
chi_eff_sq=7244.026626183471
Truncating right after the physical dip at index 57, k = 8.8301e-03
chi_eff_sq=9000.685232872438
Truncating right after the physical dip at index 57, k = 8.8301e-03
chi_eff_sq=5914.627740148775
Truncating right after the physical dip at index 57, k = 8.8301e-03
chi_eff_sq=6286.650251641033
Truncating right after the physical dip at index 57, k = 8.8301e-03
chi_eff_sq=17293.225961878958
Truncating right after the physical dip at index 57, k = 8.8301e-03
chi_eff_sq=155184.46872720052
Truncating right after the physical dip at index 57, k = 8.8301e-03
chi_eff_sq=4870.690899635939
Truncating right after the physical dip at index 57, k = 8.8301e-03
chi_eff_sq=4406.191184224111
Truncating right after the physical dip at index 57, k = 8.8301e-03
chi_eff_sq=4325.686018033922
Truncating right after the physical dip at index 57, k = 8.8301e-03
chi_eff_sq=5062.255286216317
Truncating right after the physical dip at index 57, k = 8.8301e-03
chi_eff_sq=8520.661166260905
Truncating right after the physical dip at index 57, k = 8.8301e-03
chi_eff_sq=5669.141256063037
Truncating right after the physical dip at index 57, k = 8.8301e-03
chi_eff_sq=2e+30
Truncating right after the physical dip at index 57, k = 8.8301e-03
chi_eff_sq=15288.557411654641
Truncating right after the physical dip at index 57, k = 8.8301e-03
chi_eff_sq=2e+30
Truncating right after the physical dip at index 57, k = 8.8301e-03
chi_eff_sq=7771.247121609565
Truncating right after the physical dip at index 57, k = 8.8301e-03
chi_eff_sq=2e+30
Truncating right after the physical dip at index 57, k = 8.8301e-03
chi_eff_sq=9283.959370879407
Truncating right after the physical dip at index 57, k = 8.8301e-03
chi_eff_sq=4415.882869550071
Truncating right after the physical dip at index 57, k = 8.8301e-03
chi_eff_sq=6025.876763645697
Truncating right after the physical dip at index 57, k = 8.8301e-03
chi_eff_sq=7233.544224810696
Truncating right after the physical dip at index 57, k = 8.8301e-03
chi_eff_sq=11061.238835132448
Truncating right after the physical dip at index 57, k = 8.8301e-03
chi_eff_sq=4564.320879030344
Truncating right after the physical dip at index 57, k = 8.8301e-03
chi_eff_sq=5994.671382121667
Truncating right after the physical dip at index 57, k = 8.8301e-03
chi_eff_sq=9022.692853071141
Truncating right after the physical dip at index 57, k = 8.8301e-03
chi_eff_sq=2e+30
Truncating right after the physical dip at index 57, k = 8.8301e-03
chi_eff_sq=2e+30
Truncating right after the physical dip at index 57, k = 8.8301e-03
chi_eff_sq=4477.566463277834
Truncating right after the physical dip at index 57, k = 8.8301e-03
chi_eff_sq=4634.8623212272805
Truncating right after the physical dip at index 57, k = 8.8301e-03
chi_eff_sq=6129.485523620791
Truncating right after the physical dip at index 57, k = 8.8301e-03
chi_eff_sq=4221.845130142922
Truncating right after the physical dip at index 57, k = 8.8301e-03
chi_eff_sq=14665.958161987062
Truncating right after the physical dip at index 57, k = 8.8301e-03
chi_eff_sq=17786.981600554285
Truncating right after the physical dip at index 57, k = 8.8301e-03
chi_eff_sq=27218.336888150527
Truncating right after the physical dip at index 57, k = 8.8301e-03
chi_eff_sq=5582.342919890186
Truncating right after the physical dip at index 57, k = 8.8301e-03
chi_eff_sq=11462.471904135642
Truncating right after the physical dip at index 57, k = 8.8301e-03
chi_eff_sq=5709.749820484349
Truncating right after the physical dip at index 57, k = 8.8301e-03
chi_eff_sq=4435.744888824505
Truncating right after the physical dip at index 57, k = 8.8301e-03
chi_eff_sq=4578.482659291782
Truncating right after the physical dip at index 57, k = 8.8301e-03
chi_eff_sq=5156.08765120865
Truncating right after the physical dip at index 57, k = 8.8301e-03
chi_eff_sq=4616.982734059466
Truncating right after the physical dip at index 57, k = 8.8301e-03
chi_eff_sq=4887.706251192635
Truncating right after the physical dip at index 57, k = 8.8301e-03
chi_eff_sq=6792.923668212351
Truncating right after the physical dip at index 57, k = 8.8301e-03
chi_eff_sq=4497.246303177906
Truncating right after the physical dip at index 57, k = 8.8301e-03
chi_eff_sq=12460.306553296312
Truncating right after the physical dip at index 57, k = 8.8301e-03
chi_eff_sq=10423.208012389538
Truncating right after the physical dip at index 57, k = 8.8301e-03
chi_eff_sq=4430.373574767986
Truncating right after the physical dip at index 57, k = 8.8301e-03
chi_eff_sq=5359.644712453792
Truncating right after the physical dip at index 57, k = 8.8301e-03
chi_eff_sq=4441.391451281618
Truncating right after the physical dip at index 57, k = 8.8301e-03
chi_eff_sq=4440.109833991522
Truncating right after the physical dip at index 57, k = 8.8301e-03
chi_eff_sq=7915.01324801408
Truncating right after the physical dip at index 57, k = 8.8301e-03
chi_eff_sq=4845.644190996612
Truncating right after the physical dip at index 57, k = 8.8301e-03
chi_eff_sq=5477.161317312602
Truncating right after the physical dip at index 57, k = 8.8301e-03
chi_eff_sq=10957.04181334522
Truncating right after the physical dip at index 57, k = 8.8301e-03
chi_eff_sq=8629.178894428507
Truncating right after the physical dip at index 57, k = 8.8301e-03
chi_eff_sq=6310.570575672294
Truncating right after the physical dip at index 57, k = 8.8301e-03
chi_eff_sq=4439.577929421959
Truncating right after the physical dip at index 57, k = 8.8301e-03
chi_eff_sq=4445.369925886605
Truncating right after the physical dip at index 57, k = 8.8301e-03
chi_eff_sq=4704.329432027285
Truncating right after the physical dip at index 57, k = 8.8301e-03
chi_eff_sq=5579.025742749863
Truncating right after the physical dip at index 57, k = 8.8301e-03
chi_eff_sq=4731.13034539976
Truncating right after the physical dip at index 57, k = 8.8301e-03
chi_eff_sq=5054.347747882083
Truncating right after the physical dip at index 57, k = 8.8301e-03
chi_eff_sq=7308.5831026306305
Truncating right after the physical dip at index 57, k = 8.8301e-03
chi_eff_sq=4749.690294076523
Truncating right after the physical dip at index 57, k = 8.8301e-03
chi_eff_sq=5927.878703713859
Truncating right after the physical dip at index 57, k = 8.8301e-03
chi_eff_sq=8582.569159421844
Truncating right after the physical dip at index 57, k = 8.8301e-03
chi_eff_sq=6886.958390962325
Truncating right after the physical dip at index 57, k = 8.8301e-03
chi_eff_sq=4432.5423116006705
Truncating right after the physical dip at index 57, k = 8.8301e-03
chi_eff_sq=4539.952211597364
Truncating right after the physical dip at index 57, k = 8.8301e-03
chi_eff_sq=4822.578363800557
Truncating right after the physical dip at index 57, k = 8.8301e-03
chi_eff_sq=4241.66269319298
Truncating right after the physical dip at index 57, k = 8.8301e-03
chi_eff_sq=4692.016915002731
Truncating right after the physical dip at index 57, k = 8.8301e-03
chi_eff_sq=5674.562964522744
Truncating right after the physical dip at index 57, k = 8.8301e-03
chi_eff_sq=5945.27584236772
Truncating right after the physical dip at index 57, k = 8.8301e-03
chi_eff_sq=4394.62467716393
Truncating right after the physical dip at index 57, k = 8.8301e-03
chi_eff_sq=4421.126208649135
Truncating right after the physical dip at index 57, k = 8.8301e-03
chi_eff_sq=13394.252174773763
Truncating right after the physical dip at index 57, k = 8.8301e-03
chi_eff_sq=4561.771471319854
Truncating right after the physical dip at index 57, k = 8.8301e-03
chi_eff_sq=4382.836317257276
Truncating right after the physical dip at index 57, k = 8.8301e-03
chi_eff_sq=5367.103287603396
Truncating right after the physical dip at index 57, k = 8.8301e-03
chi_eff_sq=4373.233202758038
Truncating right after the physical dip at index 57, k = 8.8301e-03
chi_eff_sq=4353.635995699818
Truncating right after the physical dip at index 57, k = 8.8301e-03
chi_eff_sq=8240.05967394976
Truncating right after the physical dip at index 57, k = 8.8301e-03
chi_eff_sq=4296.352719971283
Truncating right after the physical dip at index 57, k = 8.8301e-03
chi_eff_sq=4310.705240937028
Truncating right after the physical dip at index 57, k = 8.8301e-03
chi_eff_sq=4963.294155104513
Truncating right after the physical dip at index 57, k = 8.8301e-03
chi_eff_sq=4597.166552121649
Truncating right after the physical dip at index 57, k = 8.8301e-03
chi_eff_sq=4289.456479662806
Truncating right after the physical dip at index 57, k = 8.8301e-03
chi_eff_sq=4287.793875051089
Truncating right after the physical dip at index 57, k = 8.8301e-03
chi_eff_sq=4311.160076289019
Truncating right after the physical dip at index 57, k = 8.8301e-03
chi_eff_sq=7160.90592388569
Truncating right after the physical dip at index 57, k = 8.8301e-03
chi_eff_sq=6283.241379346875
Truncating right after the physical dip at index 57, k = 8.8301e-03
chi_eff_sq=4253.4561104059185
Truncating right after the physical dip at index 57, k = 8.8301e-03
chi_eff_sq=4341.5207664429045
Truncating right after the physical dip at index 57, k = 8.8301e-03
chi_eff_sq=4377.187963143824
Truncating right after the physical dip at index 57, k = 8.8301e-03
chi_eff_sq=5629.566616555348
Truncating right after the physical dip at index 57, k = 8.8301e-03
chi_eff_sq=4266.424090945027
Truncating right after the physical dip at index 57, k = 8.8301e-03
chi_eff_sq=4254.6907370975
Truncating right after the physical dip at index 57, k = 8.8301e-03
chi_eff_sq=4459.820883832319
Truncating right after the physical dip at index 57, k = 8.8301e-03
chi_eff_sq=4797.603430536539
Truncating right after the physical dip at index 57, k = 8.8301e-03
chi_eff_sq=4337.965125625599
Truncating right after the physical dip at index 57, k = 8.8301e-03
chi_eff_sq=4337.951960357605
Truncating right after the physical dip at index 57, k = 8.8301e-03
chi_eff_sq=6024.686817008318
Truncating right after the physical dip at index 57, k = 8.8301e-03
chi_eff_sq=4252.917517618228
Truncating right after the physical dip at index 57, k = 8.8301e-03
chi_eff_sq=8385.909620599308
Truncating right after the physical dip at index 57, k = 8.8301e-03
chi_eff_sq=4177.126232156836
Truncating right after the physical dip at index 57, k = 8.8301e-03
chi_eff_sq=4601.759070920666
Truncating right after the physical dip at index 57, k = 8.8301e-03
chi_eff_sq=4244.099232652302
Truncating right after the physical dip at index 57, k = 8.8301e-03
chi_eff_sq=5609.229932405848
Truncating right after the physical dip at index 57, k = 8.8301e-03
chi_eff_sq=4173.2078682181445
Truncating right after the physical dip at index 57, k = 8.8301e-03
chi_eff_sq=4210.990913947891
Truncating right after the physical dip at index 57, k = 8.8301e-03
chi_eff_sq=4652.2336644588995
Truncating right after the physical dip at index 57, k = 8.8301e-03
chi_eff_sq=4171.798794570961
Truncating right after the physical dip at index 57, k = 8.8301e-03
chi_eff_sq=4967.420889142483
Truncating right after the physical dip at index 57, k = 8.8301e-03
chi_eff_sq=4323.2087278725185
Truncating right after the physical dip at index 57, k = 8.8301e-03
chi_eff_sq=6086.2598047017555
Truncating right after the physical dip at index 57, k = 8.8301e-03
chi_eff_sq=4300.110712957788
Truncating right after the physical dip at index 57, k = 8.8301e-03
chi_eff_sq=4400.237420989695
Truncating right after the physical dip at index 57, k = 8.8301e-03
chi_eff_sq=4156.990875278385
Truncating right after the physical dip at index 57, k = 8.8301e-03
chi_eff_sq=4185.363642517844
Truncating right after the physical dip at index 57, k = 8.8301e-03
chi_eff_sq=5207.963972222609
Truncating right after the physical dip at index 57, k = 8.8301e-03
chi_eff_sq=62999.90340314948
Truncating right after the physical dip at index 57, k = 8.8301e-03
chi_eff_sq=4258.599153666636
Truncating right after the physical dip at index 57, k = 8.8301e-03
chi_eff_sq=5279.481935747002
Truncating right after the physical dip at index 57, k = 8.8301e-03
chi_eff_sq=4237.667640019672
Truncating right after the physical dip at index 57, k = 8.8301e-03
chi_eff_sq=4375.620026198857
Optimization finished! Best chi_eff_sq: 4156.990875278385
----
clik version plc_3.1
  smica
Checking likelihood '/home/wnd22/rds/hpc-work/Polychord_solveb/clik_installs/data/planck_2018/baseline/plc_3.0/hi_l/plik/plik_rd12_HM_v22b_TTTEEE.clik' on test data. got -1172.47 expected -1172.47 (diff -4.34054e-07)
----
----
clik version plc_3.1
  gibbs_gauss b13c8fda-1837-41b5-ae2d-78d6b723fcf1
Checking likelihood '/home/wnd22/rds/hpc-work/Polychord_solveb/clik_installs/data/planck_2018/baseline/plc_3.0/low_l/commander/commander_dx12_v3_2_29.clik' on test data. got -11.6257 expected -11.6257 (diff -1.07424e-09)
----
Initializing SimAll
----
clik version plc_3.1
  simall simall_EE_BB_TE
Checking likelihood '/home/wnd22/rds/hpc-work/Polychord_solveb/clik_installs/data/planck_2018/baseline/plc_3.0/low_l/simall/simall_100x143_offlike5_EE_Aplanck_B.clik' on test data. got -197.99 expected -197.99 (diff -4.1778e-08)
----
Checking lensing likelihood '/home/wnd22/rds/hpc-work/Polychord_solveb/clik_installs/data/planck_2018/baseline/plc_3.0/lensing/smicadx12_Dec5_ftl_mv2_ndclpp_p_teb_consext8.clik_lensing' on test data. got -4.42102
Job finished!
