[I 2026-07-24 14:52:19,647] Trial 20 finished with value: 2e+30 and parameters: {'As': 2.1834492595657413, 'ns': 1.01649797986175, 'tau': 0.030246755031107353}. Best is trial 18 with value: 9171.096635288952.
[I 2026-07-24 14:52:38,598] Trial 21 finished with value: 23314.66791953608 and parameters: {'As': 1.7975855609831397, 'ns': 0.9152003742950436, 'tau': 0.03747385470643473}. Best is trial 18 with value: 9171.096635288952.
[I 2026-07-24 14:52:57,610] Trial 22 finished with value: 4236.353627337322 and parameters: {'As': 2.142163282981223, 'ns': 0.9437020008401147, 'tau': 0.05123251275174018}. Best is trial 22 with value: 4236.353627337322.
[I 2026-07-24 14:53:16,584] Trial 23 finished with value: 29736.841177441198 and parameters: {'As': 2.49355315487289, 'ns': 0.965185592797634, 'tau': 0.0500427896493959}. Best is trial 22 with value: 4236.353627337322.
[I 2026-07-24 14:53:35,534] Trial 24 finished with value: 5663.49403704386 and parameters: {'As': 2.232695230932788, 'ns': 0.9463205548165416, 'tau': 0.05095357984356801}. Best is trial 22 with value: 4236.353627337322.
[I 2026-07-24 14:53:54,523] Trial 25 finished with value: 4804.866412878342 and parameters: {'As': 2.121332827807542, 'ns': 0.9432725307241488, 'tau': 0.058548796414795}. Best is trial 22 with value: 4236.353627337322.
[I 2026-07-24 14:54:13,497] Trial 26 finished with value: 4896.848974176586 and parameters: {'As': 2.119308026785039, 'ns': 0.9407741142446883, 'tau': 0.0582590557193282}. Best is trial 22 with value: 4236.353627337322.
[I 2026-07-24 14:54:32,480] Trial 27 finished with value: 2e+30 and parameters: {'As': 1.7299183485213285, 'ns': 1.0355021135667557, 'tau': 0.060139403240682315}. Best is trial 22 with value: 4236.353627337322.
[I 2026-07-24 14:54:51,426] Trial 28 finished with value: 4659.629607151639 and parameters: {'As': 2.1038095225533033, 'ns': 0.968863380780506, 'tau': 0.06014888758202051}. Best is trial 22 with value: 4236.353627337322.
[I 2026-07-24 14:55:10,502] Trial 29 finished with value: 104195.62835475412 and parameters: {'As': 2.9627160666244827, 'ns': 0.9714715678918058, 'tau': 0.06977774021639069}. Best is trial 22 with value: 4236.353627337322.
[I 2026-07-24 14:55:29,363] Trial 30 finished with value: 2e+30 and parameters: {'As': 1.9411784783533361, 'ns': 1.0241741068390864, 'tau': 0.061171027960277735}. Best is trial 22 with value: 4236.353627337322.
[I 2026-07-24 14:55:48,293] Trial 31 finished with value: 5378.708158324483 and parameters: {'As': 2.085166058391163, 'ns': 0.9437762723517735, 'tau': 0.05576773409402646}. Best is trial 22 with value: 4236.353627337322.
[I 2026-07-24 14:56:07,372] Trial 32 finished with value: 5057.164767665556 and parameters: {'As': 2.089805212430381, 'ns': 0.9365047952806025, 'tau': 0.05143518657458817}. Best is trial 22 with value: 4236.353627337322.
[I 2026-07-24 14:56:26,399] Trial 33 finished with value: 53622.21056388876 and parameters: {'As': 1.6616702436165356, 'ns': 0.9205765023845394, 'tau': 0.05785524264590532}. Best is trial 22 with value: 4236.353627337322.
[I 2026-07-24 14:56:45,293] Trial 34 finished with value: 16338.889329369047 and parameters: {'As': 2.4223238284107467, 'ns': 0.976922911814523, 'tau': 0.06220600074003839}. Best is trial 22 with value: 4236.353627337322.
[I 2026-07-24 14:57:04,173] Trial 35 finished with value: 47006.17955100472 and parameters: {'As': 2.589440088464413, 'ns': 0.9914754416707983, 'tau': 0.053862738523131594}. Best is trial 22 with value: 4236.353627337322.
[I 2026-07-24 14:57:23,267] Trial 36 finished with value: 4742.9854255850605 and parameters: {'As': 2.129511951755282, 'ns': 0.9419699691803758, 'tau': 0.05924910010200855}. Best is trial 22 with value: 4236.353627337322.
[I 2026-07-24 14:57:42,431] Trial 37 finished with value: 2e+30 and parameters: {'As': 1.8869872034158934, 'ns': 0.9601883452845084, 'tau': 0.0724659146149444}. Best is trial 22 with value: 4236.353627337322.
[I 2026-07-24 14:58:01,598] Trial 38 finished with value: 2e+30 and parameters: {'As': 1.954209740107562, 'ns': 0.9829050305444774, 'tau': 0.06869151263818057}. Best is trial 22 with value: 4236.353627337322.
[I 2026-07-24 14:58:20,681] Trial 39 finished with value: 4181.263925161037 and parameters: {'As': 2.165368975550711, 'ns': 0.9666392336561875, 'tau': 0.06549173513547091}. Best is trial 39 with value: 4181.263925161037.
[I 2026-07-24 14:58:39,710] Trial 40 finished with value: 2e+30 and parameters: {'As': 1.566730370843843, 'ns': 1.0903648456533046, 'tau': 0.0760976503513088}. Best is trial 39 with value: 4181.263925161037.
[I 2026-07-24 14:58:58,754] Trial 41 finished with value: 4163.726419141586 and parameters: {'As': 2.163905024997431, 'ns': 0.9672699797050934, 'tau': 0.06467794498745524}. Best is trial 41 with value: 4163.726419141586.
[I 2026-07-24 14:59:17,852] Trial 42 finished with value: 2e+30 and parameters: {'As': 2.167412145575568, 'ns': 1.0054168096191247, 'tau': 0.06452817626409874}. Best is trial 41 with value: 4163.726419141586.
[I 2026-07-24 14:59:36,996] Trial 43 finished with value: 4686.891357045985 and parameters: {'As': 2.2473271899911875, 'ns': 0.9670373928340549, 'tau': 0.06681727766430849}. Best is trial 41 with value: 4163.726419141586.
[I 2026-07-24 14:59:56,029] Trial 44 finished with value: 5333.743054807336 and parameters: {'As': 2.270195921950409, 'ns': 0.9692347534878387, 'tau': 0.0665214862351778}. Best is trial 41 with value: 4163.726419141586.
[I 2026-07-24 15:00:14,922] Trial 45 finished with value: 2e+30 and parameters: {'As': 2.0044975050969898, 'ns': 0.9962150140328688, 'tau': 0.07142062846564501}. Best is trial 41 with value: 4163.726419141586.
[I 2026-07-24 15:00:33,790] Trial 46 finished with value: 12197.187061498094 and parameters: {'As': 2.43162519675291, 'ns': 0.9806182972663395, 'tau': 0.07546524668284149}. Best is trial 41 with value: 4163.726419141586.
[I 2026-07-24 15:00:52,801] Trial 47 finished with value: 9139.835021889648 and parameters: {'As': 2.0093667245863207, 'ns': 0.9598956103864285, 'tau': 0.06262511765452446}. Best is trial 41 with value: 4163.726419141586.
[I 2026-07-24 15:01:11,782] Trial 48 finished with value: 2e+30 and parameters: {'As': 1.8021918163958766, 'ns': 0.9719342263501932, 'tau': 0.06663361845982055}. Best is trial 41 with value: 4163.726419141586.
[I 2026-07-24 15:01:30,833] Trial 49 finished with value: 10685.372742108002 and parameters: {'As': 2.367280819293352, 'ns': 0.9935139066389816, 'tau': 0.0698595700002258}. Best is trial 41 with value: 4163.726419141586.
[I 2026-07-24 15:01:49,874] Trial 50 finished with value: 36548.50712394253 and parameters: {'As': 2.5596541767573893, 'ns': 1.0065315747109653, 'tau': 0.06440204242348434}. Best is trial 41 with value: 4163.726419141586.
[I 2026-07-24 15:02:08,907] Trial 51 finished with value: 4160.775618891815 and parameters: {'As': 2.1796013417208906, 'ns': 0.9533752004752618, 'tau': 0.060823358104965676}. Best is trial 51 with value: 4160.775618891815.
[I 2026-07-24 15:02:27,932] Trial 52 finished with value: 5312.364754977161 and parameters: {'As': 2.233373068326539, 'ns': 0.9576644497847867, 'tau': 0.05580954658926919}. Best is trial 51 with value: 4160.775618891815.
[I 2026-07-24 15:02:46,963] Trial 53 finished with value: 6695.998852716191 and parameters: {'As': 2.0284417023061474, 'ns': 0.9519573794391567, 'tau': 0.053335629327050854}. Best is trial 51 with value: 4160.775618891815.
[I 2026-07-24 15:03:05,997] Trial 54 finished with value: 5612.441977032117 and parameters: {'As': 2.3122699084204155, 'ns': 0.9258730485834916, 'tau': 0.06652373837662044}. Best is trial 51 with value: 4160.775618891815.
[I 2026-07-24 15:03:25,034] Trial 55 finished with value: 15878.48576327865 and parameters: {'As': 2.402069899134789, 'ns': 0.9864259080073245, 'tau': 0.06143714256180026}. Best is trial 51 with value: 4160.775618891815.
[I 2026-07-24 15:03:44,084] Trial 56 finished with value: 4173.823377197457 and parameters: {'As': 2.20022868385125, 'ns': 0.9663312307593569, 'tau': 0.06487685986794159}. Best is trial 51 with value: 4160.775618891815.
[I 2026-07-24 15:04:03,107] Trial 57 finished with value: 4609.960010964561 and parameters: {'As': 2.183665140458982, 'ns': 0.9345005422001406, 'tau': 0.04877483906523328}. Best is trial 51 with value: 4160.775618891815.
[I 2026-07-24 15:04:22,131] Trial 58 finished with value: 22994.045574669555 and parameters: {'As': 1.8216261756911982, 'ns': 0.9341750426508283, 'tau': 0.048431845185243814}. Best is trial 51 with value: 4160.775618891815.
[I 2026-07-24 15:04:41,191] Trial 59 finished with value: 10870.884581220615 and parameters: {'As': 1.9671518058090125, 'ns': 0.9133423091742793, 'tau': 0.04592481159739059}. Best is trial 51 with value: 4160.775618891815.
[I 2026-07-24 15:05:00,223] Trial 60 finished with value: 4308.137115148342 and parameters: {'As': 2.1717626557107277, 'ns': 0.9496935869812224, 'tau': 0.05230063683905202}. Best is trial 51 with value: 4160.775618891815.
[I 2026-07-24 15:05:19,278] Trial 61 finished with value: 4416.423419202124 and parameters: {'As': 2.1713635738713792, 'ns': 0.9498206973158813, 'tau': 0.049979877926125786}. Best is trial 51 with value: 4160.775618891815.
[I 2026-07-24 15:05:38,333] Trial 62 finished with value: 8853.709717459877 and parameters: {'As': 2.3049973233887076, 'ns': 0.9528420057043092, 'tau': 0.052631192901239944}. Best is trial 51 with value: 4160.775618891815.
[I 2026-07-24 15:05:57,399] Trial 63 finished with value: 298808.84785438183 and parameters: {'As': 3.4604493428012035, 'ns': 0.94703244570101, 'tau': 0.056910870783165174}. Best is trial 51 with value: 4160.775618891815.
[I 2026-07-24 15:06:16,429] Trial 64 finished with value: 6592.025333698094 and parameters: {'As': 2.199571030759109, 'ns': 0.9748387335443711, 'tau': 0.044022089549466153}. Best is trial 51 with value: 4160.775618891815.
[I 2026-07-24 15:06:35,508] Trial 65 finished with value: 6269.686497355904 and parameters: {'As': 2.0651173080905414, 'ns': 0.9639594254680637, 'tau': 0.06290699435290475}. Best is trial 51 with value: 4160.775618891815.
[I 2026-07-24 15:06:54,599] Trial 66 finished with value: 18816.918373024375 and parameters: {'As': 1.8828048886007824, 'ns': 0.9222414775699675, 'tau': 0.05139165038178048}. Best is trial 51 with value: 4160.775618891815.
[I 2026-07-24 15:07:13,721] Trial 67 finished with value: 4327.910708911749 and parameters: {'As': 2.16125846646781, 'ns': 0.9470868540137343, 'tau': 0.04924724960742296}. Best is trial 51 with value: 4160.775618891815.
[I 2026-07-24 15:07:32,841] Trial 68 finished with value: 7880.544717899711 and parameters: {'As': 2.3079507644002493, 'ns': 0.9397544285087991, 'tau': 0.05466004649812998}. Best is trial 51 with value: 4160.775618891815.
[I 2026-07-24 15:07:51,931] Trial 69 finished with value: 16172.642682443948 and parameters: {'As': 2.459216678185184, 'ns': 0.9560540905290752, 'tau': 0.06528781994707217}. Best is trial 51 with value: 4160.775618891815.
[I 2026-07-24 15:08:11,025] Trial 70 finished with value: 10217.606830829998 and parameters: {'As': 2.3667518187291248, 'ns': 0.9302004027673878, 'tau': 0.0568328152420032}. Best is trial 51 with value: 4160.775618891815.
[I 2026-07-24 15:08:30,101] Trial 71 finished with value: 4237.109548348962 and parameters: {'As': 2.15164169063605, 'ns': 0.94932041852924, 'tau': 0.049667698521510206}. Best is trial 51 with value: 4160.775618891815.
[I 2026-07-24 15:08:49,139] Trial 72 finished with value: 5184.949123968948 and parameters: {'As': 2.0512828444941347, 'ns': 0.9463086948193767, 'tau': 0.04659869902932021}. Best is trial 51 with value: 4160.775618891815.
[I 2026-07-24 15:09:08,171] Trial 73 finished with value: 4315.933836857011 and parameters: {'As': 2.1463474291120486, 'ns': 0.9646570032661277, 'tau': 0.04826280340045513}. Best is trial 51 with value: 4160.775618891815.
[I 2026-07-24 15:09:27,280] Trial 74 finished with value: 75182.79526848643 and parameters: {'As': 2.700912510615711, 'ns': 0.9635800716934705, 'tau': 0.04206487945641987}. Best is trial 51 with value: 4160.775618891815.
[I 2026-07-24 15:09:46,388] Trial 75 finished with value: 4371.850374700609 and parameters: {'As': 2.118449512440057, 'ns': 0.9797151006422506, 'tau': 0.0447017720231547}. Best is trial 51 with value: 4160.775618891815.
[I 2026-07-24 15:10:05,433] Trial 76 finished with value: 6098.129433418458 and parameters: {'As': 2.2566587067576545, 'ns': 0.9380574290688115, 'tau': 0.05216679592670542}. Best is trial 51 with value: 4160.775618891815.
[I 2026-07-24 15:10:24,498] Trial 77 finished with value: 23528.313224273497 and parameters: {'As': 2.54593683239321, 'ns': 0.9561992840603235, 'tau': 0.06838973406468148}. Best is trial 51 with value: 4160.775618891815.
[I 2026-07-24 15:10:43,530] Trial 78 finished with value: 2e+30 and parameters: {'As': 1.9357795822137782, 'ns': 0.9750816751662614, 'tau': 0.048022924394488666}. Best is trial 51 with value: 4160.775618891815.
[I 2026-07-24 15:11:02,667] Trial 79 finished with value: 9398.124824880313 and parameters: {'As': 1.990111852882601, 'ns': 0.9651006055843832, 'tau': 0.060134182961131565}. Best is trial 51 with value: 4160.775618891815.
[I 2026-07-24 15:11:21,719] Trial 80 finished with value: 2e+30 and parameters: {'As': 2.0640687522595056, 'ns': 1.0402668657135488, 'tau': 0.05013740288409995}. Best is trial 51 with value: 4160.775618891815.
[I 2026-07-24 15:11:40,791] Trial 81 finished with value: 4219.602473464169 and parameters: {'As': 2.1479466472793716, 'ns': 0.9480050479628576, 'tau': 0.04972745447491128}. Best is trial 51 with value: 4160.775618891815.
[I 2026-07-24 15:11:59,876] Trial 82 finished with value: 4287.683336374614 and parameters: {'As': 2.1421192117062513, 'ns': 0.9615597219209353, 'tau': 0.047223439147616286}. Best is trial 51 with value: 4160.775618891815.
[I 2026-07-24 15:12:18,883] Trial 83 finished with value: 6583.86805329353 and parameters: {'As': 2.2009223195494427, 'ns': 0.9578064657203369, 'tau': 0.04037329204408446}. Best is trial 51 with value: 4160.775618891815.
[I 2026-07-24 15:12:37,908] Trial 84 finished with value: 4937.82453143686 and parameters: {'As': 2.098753298752732, 'ns': 0.9411348326339185, 'tau': 0.05395086556822295}. Best is trial 51 with value: 4160.775618891815.
[I 2026-07-24 15:12:56,908] Trial 85 finished with value: 7917.940481862241 and parameters: {'As': 2.256165924030399, 'ns': 0.9504587978013425, 'tau': 0.04505755392119128}. Best is trial 51 with value: 4160.775618891815.
[I 2026-07-24 15:13:15,934] Trial 86 finished with value: 8308.29360874411 and parameters: {'As': 2.327153615646087, 'ns': 0.9710801624282264, 'tau': 0.06374720806112706}. Best is trial 51 with value: 4160.775618891815.
[I 2026-07-24 15:13:34,912] Trial 87 finished with value: 7259.776901375328 and parameters: {'As': 2.2129592199759838, 'ns': 0.9872447034737901, 'tau': 0.04710024624214515}. Best is trial 51 with value: 4160.775618891815.
[I 2026-07-24 15:13:53,994] Trial 88 finished with value: 7416.1031168193995 and parameters: {'As': 2.0344048748892742, 'ns': 0.9260941422040204, 'tau': 0.05123836971595367}. Best is trial 51 with value: 4160.775618891815.
[I 2026-07-24 15:14:13,266] Trial 89 finished with value: 15367.438663642934 and parameters: {'As': 2.3848094789494745, 'ns': 0.9607711742787898, 'tau': 0.052662058015841666}. Best is trial 51 with value: 4160.775618891815.
[I 2026-07-24 15:14:32,564] Trial 90 finished with value: 4431.56999867123 and parameters: {'As': 2.1295028257330775, 'ns': 0.9440650101565304, 'tau': 0.05523062095795569}. Best is trial 51 with value: 4160.775618891815.
[I 2026-07-24 15:14:51,794] Trial 91 finished with value: 4411.838683058762 and parameters: {'As': 2.14816343532717, 'ns': 0.9676469647941192, 'tau': 0.047700338279246794}. Best is trial 51 with value: 4160.775618891815.
[I 2026-07-24 15:15:11,092] Trial 92 finished with value: 4895.059490475377 and parameters: {'As': 2.262553063884845, 'ns': 0.9544229191753562, 'tau': 0.06545473567635497}. Best is trial 51 with value: 4160.775618891815.
[I 2026-07-24 15:15:30,292] Trial 93 finished with value: 4485.232387876723 and parameters: {'As': 2.0782760452870206, 'ns': 0.9622849208695184, 'tau': 0.050016238662279895}. Best is trial 51 with value: 4160.775618891815.
[I 2026-07-24 15:15:49,491] Trial 94 finished with value: 5012.151185487846 and parameters: {'As': 2.1510560742727343, 'ns': 0.9834182657804387, 'tau': 0.04575677891566467}. Best is trial 51 with value: 4160.775618891815.
[I 2026-07-24 15:16:08,702] Trial 95 finished with value: 118595.78497993395 and parameters: {'As': 2.890568065925528, 'ns': 0.9492887567998263, 'tau': 0.0431205097747438}. Best is trial 51 with value: 4160.775618891815.
[I 2026-07-24 15:16:27,959] Trial 96 finished with value: 9368.461531228968 and parameters: {'As': 1.9137430788902345, 'ns': 0.9364791553336383, 'tau': 0.032760197535319925}. Best is trial 51 with value: 4160.775618891815.
[I 2026-07-24 15:16:47,362] Trial 97 finished with value: 2e+30 and parameters: {'As': 1.9816679668011226, 'ns': 0.9736349353196031, 'tau': 0.06814165344892115}. Best is trial 51 with value: 4160.775618891815.
[I 2026-07-24 15:17:06,697] Trial 98 finished with value: 5739.947486036035 and parameters: {'As': 2.197528354829753, 'ns': 0.9786093315930122, 'tau': 0.04956519018955708}. Best is trial 51 with value: 4160.775618891815.
[I 2026-07-24 15:17:25,905] Trial 99 finished with value: 5372.044958487962 and parameters: {'As': 2.2872344597771357, 'ns': 0.9695408925890381, 'tau': 0.07010240615211827}. Best is trial 51 with value: 4160.775618891815.
[I 2026-07-24 15:17:45,237] Trial 100 finished with value: 2e+30 and parameters: {'As': 2.0310697818587204, 'ns': 1.001540691080331, 'tau': 0.06076787129030193}. Best is trial 51 with value: 4160.775618891815.
[I 2026-07-24 15:18:04,560] Trial 101 finished with value: 4415.087517218878 and parameters: {'As': 2.167634530211178, 'ns': 0.9489787722078284, 'tau': 0.04904602775257343}. Best is trial 51 with value: 4160.775618891815.
[I 2026-07-24 15:18:23,919] Trial 102 finished with value: 4541.641598814551 and parameters: {'As': 2.100486531186421, 'ns': 0.9443355076138836, 'tau': 0.05040114403949807}. Best is trial 51 with value: 4160.775618891815.
[I 2026-07-24 15:18:43,275] Trial 103 finished with value: 6512.309597207334 and parameters: {'As': 2.2361465710366817, 'ns': 0.9560012988633798, 'tau': 0.04839575735109769}. Best is trial 51 with value: 4160.775618891815.
[I 2026-07-24 15:19:02,542] Trial 104 finished with value: 10606.68063759253 and parameters: {'As': 2.3480921603205296, 'ns': 0.9336611920197811, 'tau': 0.052149391996122056}. Best is trial 51 with value: 4160.775618891815.
[I 2026-07-24 15:19:21,787] Trial 105 finished with value: 4370.181623370085 and parameters: {'As': 2.1462974716377063, 'ns': 0.961736240366802, 'tau': 0.04667122067681011}. Best is trial 51 with value: 4160.775618891815.
[I 2026-07-24 15:19:41,096] Trial 106 finished with value: 7738.417239367169 and parameters: {'As': 2.28775272107955, 'ns': 0.9534655899170112, 'tau': 0.0534820857736061}. Best is trial 51 with value: 4160.775618891815.
[I 2026-07-24 15:20:00,467] Trial 107 finished with value: 5202.45289523866 and parameters: {'As': 2.2180123606027267, 'ns': 0.9463333548073983, 'tau': 0.05116341941691844}. Best is trial 51 with value: 4160.775618891815.
[I 2026-07-24 15:20:20,091] Trial 108 finished with value: 2e+30 and parameters: {'As': 2.0553112187515987, 'ns': 1.0808425053013824, 'tau': 0.06570314920416773}. Best is trial 51 with value: 4160.775618891815.
[I 2026-07-24 15:20:39,647] Trial 109 finished with value: 5559.902759744527 and parameters: {'As': 2.115115263258866, 'ns': 0.9405561964722863, 'tau': 0.06340957447069237}. Best is trial 51 with value: 4160.775618891815.
[I 2026-07-24 15:20:58,927] Trial 110 finished with value: 2e+30 and parameters: {'As': 1.735002383225829, 'ns': 0.9673577460851882, 'tau': 0.0617173312922279}. Best is trial 51 with value: 4160.775618891815.
[I 2026-07-24 15:21:18,264] Trial 111 finished with value: 4349.769994931381 and parameters: {'As': 2.1488352499325836, 'ns': 0.9608464397363784, 'tau': 0.047461277671835465}. Best is trial 51 with value: 4160.775618891815.
[I 2026-07-24 15:21:37,790] Trial 112 finished with value: 4687.005101320272 and parameters: {'As': 2.1759189409097823, 'ns': 0.9600614592041867, 'tau': 0.04891654885394008}. Best is trial 51 with value: 4160.775618891815.
[I 2026-07-24 15:21:57,228] Trial 113 finished with value: 6635.250543638979 and parameters: {'As': 2.000104709403284, 'ns': 0.9520311720110077, 'tau': 0.045898962031971}. Best is trial 51 with value: 4160.775618891815.
[I 2026-07-24 15:22:16,632] Trial 114 finished with value: 4238.23347306347 and parameters: {'As': 2.082684325466083, 'ns': 0.9658578914713782, 'tau': 0.04745677948657683}. Best is trial 51 with value: 4160.775618891815.
[I 2026-07-24 15:22:35,987] Trial 115 finished with value: 5353.557620162433 and parameters: {'As': 2.074391723499305, 'ns': 0.9656140202938386, 'tau': 0.0590578389646471}. Best is trial 51 with value: 4160.775618891815.
[I 2026-07-24 15:22:55,127] Trial 116 finished with value: 2e+30 and parameters: {'As': 1.9489738053168786, 'ns': 1.013776464631823, 'tau': 0.04435388566660674}. Best is trial 51 with value: 4160.775618891815.
[I 2026-07-24 15:23:14,684] Trial 117 finished with value: 6081.427166978125 and parameters: {'As': 2.2231193960998055, 'ns': 0.9745569994698678, 'tau': 0.052199521518095635}. Best is trial 51 with value: 4160.775618891815.
[I 2026-07-24 15:23:34,169] Trial 118 finished with value: 4524.7158246116 and parameters: {'As': 2.1091276604857607, 'ns': 0.9578572959848636, 'tau': 0.05675483060069974}. Best is trial 51 with value: 4160.775618891815.
[I 2026-07-24 15:23:53,433] Trial 119 finished with value: 4426.275711733611 and parameters: {'As': 2.176267114484477, 'ns': 0.947845808905794, 'tau': 0.05076450409148303}. Best is trial 51 with value: 4160.775618891815.
