Job started on cpu-q-145 at Fri 24 Jul 14:44:49 BST 2026
Loading rhel8/default-icl
  Loading requirement: rhel8/slurm singularity/current rhel8/global cuda/11.4
    vgl/2.5.1/64 intel-oneapi-compilers/2022.1.0/gcc/b6zld2mz ucx/1.15.0
    intel-oneapi-mpi/2021.6.0/intel/guxuvcpm
Setting top to                           : /rds/user/wnd22/hpc-work/Polychord_solveb/clik_installs/code/planck/code/plc_3.0/plc-3.1 
Setting out to                           : /rds/user/wnd22/hpc-work/Polychord_solveb/clik_installs/code/planck/code/plc_3.0/plc-3.1/build 
Checking for program 'gcc, cc'           : /usr/bin/gcc 
Checking for program 'ar'                : /usr/bin/ar 
Check gcc version                        : 8.5.0 
Compile a test code with gcc             : yes 
Setting architecture flag to             : ['-m64'] 
Checking for program 'ifort'             : /usr/local/software/spack/spack-views/rocky8-icelake-20220710/intel-oneapi-compilers-2022.1.0/gcc-11.3.0/b6zld2mz7cid27yloxznoidymd7vywwz/compiler/2022.1.0/linux/bin/intel64/ifort 
Checking for program 'xiar'              : /usr/bin/ar 
Checking for program 'ar'                : /usr/bin/ar 
Check ifort version                      : 2021.6.0 
Compile a test code with ifort           : yes 
retrieve ifort link line                 : ok 
ifort link line                          : -L/usr/local/software/spack/spack-views/._rocky8-icelake-20220710/vdcqmdfi2lxsqy6qm3npptgktlrkt37k/intel-oneapi-compilers-2022.1.0/gcc-11.3.0/b6zld2mz7cid27yloxznoidymd7vywwz/compiler/2022.1.0/linux/bin/intel64/../../compiler/lib/intel64_lin -L/usr/local/software/spack/spack-views/rocky8-icelake-20220710/intel-oneapi-compilers-2022.1.0/gcc-11.3.0/b6zld2mz7cid27yloxznoidymd7vywwz/compiler/2022.1.0/linux/compiler/lib/intel64_lin/ -L/usr/local/software/spack/spack-views/rocky8-icelake-20220710/intel-oneapi-compilers-2022.1.0/gcc-11.3.0/b6zld2mz7cid27yloxznoidymd7vywwz/compiler/2022.1.0/linux/compiler/lib/intel64_lin -L/lib -L/lib64 -limf -lifport -lifcoremt -lsvml -liomp5 -lintlc -lirc -lpthread 
Setting install root to                  : /rds/user/wnd22/hpc-work/Polychord_solveb/clik_installs/code/planck/code/plc_3.0/plc-3.1 
Setting install bin directory to         : /rds/user/wnd22/hpc-work/Polychord_solveb/clik_installs/code/planck/code/plc_3.0/plc-3.1/bin 
Setting install lib directory to         : /rds/user/wnd22/hpc-work/Polychord_solveb/clik_installs/code/planck/code/plc_3.0/plc-3.1/lib 
Setting install include directory to     : /rds/user/wnd22/hpc-work/Polychord_solveb/clik_installs/code/planck/code/plc_3.0/plc-3.1/include 
check compatibility of ifort and gcc versions : ok 
Checking for program 'python'                 : /rds/user/wnd22/hpc-work/Polychord_solveb/env_Polychord_solveb/bin/python 
Checking for python version                   : 3.8.2 
python-config                                 : /usr/bin/python3.8-config 
Asking python-config for pyembed '--cflags --libs --ldflags --embed' flags : yes 
Testing pyembed configuration                                              : yes 
Checking for library dl                                                    : yes 
checking for RTLD_DEFAULT in dl                                            : no 
compile with debug option                                                  : OFF 
Checking for program 'pmc-config'                                          : not found 
Checking for library pmc                                                   : not found 
Checking for library ['lapack', 'blas']                                    : yes 
checking for function 'dposv'                                              : yes 
checking for function 'dtrsv'                                              : yes 
checking for function 'dpotrf'                                             : yes 
checking for function 'dpotrs'                                             : yes 
checking for function 'dpotri'                                             : yes 
checking for function 'dtrtri'                                             : yes 
checking for function 'dtrmm'                                              : yes 
checking for function 'dtrmv'                                              : yes 
checking for function 'dgeqrf'                                             : yes 
checking for function 'dormqr'                                             : yes 
checking for function 'dsyev'                                              : yes 
checking for function 'dgesvd'                                             : yes 
checking for function 'dsymv'                                              : yes 
checking for function 'dgemv'                                              : yes 
checking for function 'dgemm'                                              : yes 
checking for function 'dsyrk'                                              : yes 
checking for function 'dsyr2k'                                             : yes 
checking for function 'daxpy'                                              : yes 
checking for function 'dtrsm'                                              : yes 
checking for function 'dsymm'                                              : yes 
checking for function 'dsyr'                                               : yes 
checking for function 'ddot'                                               : yes 
checking for function 'dsyevd'                                             : yes 
checking for function 'dlamch'                                             : yes 
checking for function 'dsyevr'                                             : yes 
Checking for library ['cfitsio']                                           : yes 
checking for function 'fits_init_cfitsio'                                  : yes 
Python version allows for automatic install                                : yes (3.8.2) 
Checking for program 'python'                                              : /rds/user/wnd22/hpc-work/Polychord_solveb/env_Polychord_solveb/bin/python 
Checking python module 'numpy'                                             : ok 
Checking python module 'astropy'                                           : ok 
Checking for program 'python'                                              : /rds/user/wnd22/hpc-work/Polychord_solveb/env_Polychord_solveb/bin/python 
Checking python module 'cython'                                            : ok 
Checking python module 'cython'                                            : ok 
Checking cython version (>0.28)                                            : 3.2.9 
Checking for program 'cython'                                              : /rds/user/wnd22/hpc-work/Polychord_solveb/env_Polychord_solveb/bin/cython 
Add plugin : 'rel2015'                                                     : ok 

*----------------------------------------------------*
|                                                    |
|   Configure step ok.                               |
|                                                    |
|   run './waf install' now !                        |
|                                                    |
*----------------------------------------------------*

'configure' finished successfully (13.076s)
Waf: Entering directory `/rds/user/wnd22/hpc-work/Polychord_solveb/clik_installs/code/planck/code/plc_3.0/plc-3.1/build'
add plik/component_plugin/rel2015/fg2015.c
add plik/component_plugin/rel2015/corrnoise.c
add plik/component_plugin/rel2015/leakage.c
- install /rds/user/wnd22/hpc-work/Polychord_solveb/clik_installs/code/planck/code/plc_3.0/plc-3.1/include/clik_lensing.h (from src/clik_lensing.h)
- install /rds/user/wnd22/hpc-work/Polychord_solveb/clik_installs/code/planck/code/plc_3.0/plc-3.1/include/clik.h (from src/clik.h)
- install /rds/user/wnd22/hpc-work/Polychord_solveb/clik_installs/code/planck/code/plc_3.0/plc-3.1/include/errorlist.h (from src/minipmc/errorlist.h)
- install /rds/user/wnd22/hpc-work/Polychord_solveb/clik_installs/code/planck/code/plc_3.0/plc-3.1/lib/python/site-packages/clik/__pycache__/cldf.cpython-38.pyo (from build/src/python/clik/__pycache__/cldf.cpython-38.pyo)
- install /rds/user/wnd22/hpc-work/Polychord_solveb/clik_installs/code/planck/code/plc_3.0/plc-3.1/lib/python/site-packages/clik/cldf.py (from src/python/clik/cldf.py)
- install /rds/user/wnd22/hpc-work/Polychord_solveb/clik_installs/code/planck/code/plc_3.0/plc-3.1/lib/python/site-packages/clik/parobject.py (from src/python/clik/parobject.py)
- install /rds/user/wnd22/hpc-work/Polychord_solveb/clik_installs/code/planck/code/plc_3.0/plc-3.1/lib/python/site-packages/clik/__pycache__/parobject.cpython-38.pyo (from build/src/python/clik/__pycache__/parobject.cpython-38.pyo)
- install /rds/user/wnd22/hpc-work/Polychord_solveb/clik_installs/code/planck/code/plc_3.0/plc-3.1/lib/python/site-packages/clik/__pycache__/hpy.cpython-38.pyo (from build/src/python/clik/__pycache__/hpy.cpython-38.pyo)
- install /rds/user/wnd22/hpc-work/Polychord_solveb/clik_installs/code/planck/code/plc_3.0/plc-3.1/lib/python/site-packages/clik/smicahlp.py (from src/python/clik/smicahlp.py)
- install /rds/user/wnd22/hpc-work/Polychord_solveb/clik_installs/code/planck/code/plc_3.0/plc-3.1/lib/python/site-packages/clik/__pycache__/__init__.cpython-38.pyo (from build/src/python/clik/__pycache__/__init__.cpython-38.pyo)
- install /rds/user/wnd22/hpc-work/Polychord_solveb/clik_installs/code/planck/code/plc_3.0/plc-3.1/lib/python/site-packages/clik/__init__.py (from src/python/clik/__init__.py)
- install /rds/user/wnd22/hpc-work/Polychord_solveb/clik_installs/code/planck/code/plc_3.0/plc-3.1/lib/python/site-packages/clik/miniparse.py (from src/python/clik/miniparse.py)
- install /rds/user/wnd22/hpc-work/Polychord_solveb/clik_installs/code/planck/code/plc_3.0/plc-3.1/lib/python/site-packages/clik/__pycache__/__init__.cpython-38.pyc (from build/src/python/clik/__pycache__/__init__.cpython-38.pyc)
- install /rds/user/wnd22/hpc-work/Polychord_solveb/clik_installs/code/planck/code/plc_3.0/plc-3.1/lib/python/site-packages/clik/__pycache__/cldf.cpython-38.pyc (from build/src/python/clik/__pycache__/cldf.cpython-38.pyc)
- install /rds/user/wnd22/hpc-work/Polychord_solveb/clik_installs/code/planck/code/plc_3.0/plc-3.1/lib/python/site-packages/clik/hpy.py (from src/python/clik/hpy.py)
- install /rds/user/wnd22/hpc-work/Polychord_solveb/clik_installs/code/planck/code/plc_3.0/plc-3.1/lib/python/site-packages/clik/__pycache__/smicahlp.cpython-38.pyc (from build/src/python/clik/__pycache__/smicahlp.cpython-38.pyc)
- install /rds/user/wnd22/hpc-work/Polychord_solveb/clik_installs/code/planck/code/plc_3.0/plc-3.1/lib/python/site-packages/clik/__pycache__/parobject.cpython-38.pyc (from build/src/python/clik/__pycache__/parobject.cpython-38.pyc)
- install /rds/user/wnd22/hpc-work/Polychord_solveb/clik_installs/code/planck/code/plc_3.0/plc-3.1/lib/python/site-packages/clik/__pycache__/miniparse.cpython-38.pyc (from build/src/python/clik/__pycache__/miniparse.cpython-38.pyc)
- install /rds/user/wnd22/hpc-work/Polychord_solveb/clik_installs/code/planck/code/plc_3.0/plc-3.1/lib/python/site-packages/clik/__pycache__/hpy.cpython-38.pyc (from build/src/python/clik/__pycache__/hpy.cpython-38.pyc)
- install /rds/user/wnd22/hpc-work/Polychord_solveb/clik_installs/code/planck/code/plc_3.0/plc-3.1/lib/python/site-packages/clik/__pycache__/smicahlp.cpython-38.pyo (from build/src/python/clik/__pycache__/smicahlp.cpython-38.pyo)
- install /rds/user/wnd22/hpc-work/Polychord_solveb/clik_installs/code/planck/code/plc_3.0/plc-3.1/lib/python/site-packages/clik/__pycache__/miniparse.cpython-38.pyo (from build/src/python/clik/__pycache__/miniparse.cpython-38.pyo)
- install /rds/user/wnd22/hpc-work/Polychord_solveb/clik_installs/code/planck/code/plc_3.0/plc-3.1/share/clik/rel2015/tsz_143_eps0.50.dat (from src/plik/component_plugin/rel2015/tsz_143_eps0.50.dat)
- install /rds/user/wnd22/hpc-work/Polychord_solveb/clik_installs/code/planck/code/plc_3.0/plc-3.1/bin/clik_example_py (from build/src/python/clik_example_py)
- install /rds/user/wnd22/hpc-work/Polychord_solveb/clik_installs/code/planck/code/plc_3.0/plc-3.1/share/clik/rel2015/sz_x_cib_template.dat (from src/plik/component_plugin/rel2015/sz_x_cib_template.dat)
- install /rds/user/wnd22/hpc-work/Polychord_solveb/clik_installs/code/planck/code/plc_3.0/plc-3.1/bin/clik_change_lrange (from build/src/python/clik_change_lrange)
- install /rds/user/wnd22/hpc-work/Polychord_solveb/clik_installs/code/planck/code/plc_3.0/plc-3.1/bin/clik_print (from build/src/python/clik_print)
- install /rds/user/wnd22/hpc-work/Polychord_solveb/clik_installs/code/planck/code/plc_3.0/plc-3.1/share/clik/rel2015/ksz_fromcamspec.dat (from src/plik/component_plugin/rel2015/ksz_fromcamspec.dat)
- install /rds/user/wnd22/hpc-work/Polychord_solveb/clik_installs/code/planck/code/plc_3.0/plc-3.1/share/clik/rel2015/cib_1h_2h_100_353_Jsr-1_PS_2014_09.dat (from src/plik/component_plugin/rel2015/cib_1h_2h_100_353_Jsr-1_PS_2014_09.dat)
- install /rds/user/wnd22/hpc-work/Polychord_solveb/clik_installs/code/planck/code/plc_3.0/plc-3.1/share/clik/rel2015/sky_template_v15_F100_143_217_353.dat (from src/plik/component_plugin/rel2015/sky_template_v15_F100_143_217_353.dat)
- install /rds/user/wnd22/hpc-work/Polychord_solveb/clik_installs/code/planck/code/plc_3.0/plc-3.1/bin/clik_get_selfcheck (from build/src/python/clik_get_selfcheck)
- install /rds/user/wnd22/hpc-work/Polychord_solveb/clik_installs/code/planck/code/plc_3.0/plc-3.1/share/clik/rel2015/cnoise_F100_143_217_353_v17.dat (from src/plik/component_plugin/rel2015/cnoise_F100_143_217_353_v17.dat)
- install /rds/user/wnd22/hpc-work/Polychord_solveb/clik_installs/code/planck/code/plc_3.0/plc-3.1/bin/prepare_wmap (from build/src/python/prepare_wmap)
- install /rds/user/wnd22/hpc-work/Polychord_solveb/clik_installs/code/planck/code/plc_3.0/plc-3.1/bin/clik_explore_1d (from build/src/python/clik_explore_1d)
- install /rds/user/wnd22/hpc-work/Polychord_solveb/clik_installs/code/planck/code/plc_3.0/plc-3.1/bin/clik_change_lrange_bychannel_pol (from build/src/python/clik_change_lrange_bychannel_pol)
- install /rds/user/wnd22/hpc-work/Polychord_solveb/clik_installs/code/planck/code/plc_3.0/plc-3.1/share/clik/rel2015/cleak_eh_rd12rc3_v1.dat (from src/plik/component_plugin/rel2015/cleak_eh_rd12rc3_v1.dat)
- install /rds/user/wnd22/hpc-work/Polychord_solveb/clik_installs/code/planck/code/plc_3.0/plc-3.1/share/clik/rel2015/cnoise_e2e_v2.dat (from src/plik/component_plugin/rel2015/cnoise_e2e_v2.dat)
- install /rds/user/wnd22/hpc-work/Polychord_solveb/clik_installs/code/planck/code/plc_3.0/plc-3.1/share/clik/rel2015/sbpx_tmpl_v4_hm.dat (from src/plik/component_plugin/rel2015/sbpx_tmpl_v4_hm.dat)
[126/141] Linking build/src/libclik.so
[127/141] Linking build/src/libclik_f90.so
[128/141] Linking build/src/clik_example_C
[129/141] Linking build/src/python/lkl.cpython-38-x86_64-linux-gnu.so
[130/141] Linking build/src/python/lkl_lensing.cpython-38-x86_64-linux-gnu.so
[131/141] Linking build/src/python/parametric.cpython-38-x86_64-linux-gnu.so
[132/141] Linking build/src/python/rel2015.cpython-38-x86_64-linux-gnu.so
+ install /rds/user/wnd22/hpc-work/Polychord_solveb/clik_installs/code/planck/code/plc_3.0/plc-3.1/lib/libclik.so (from build/src/libclik.so)
[134/141] Linking build/src/clik_example_f90
+ install /rds/user/wnd22/hpc-work/Polychord_solveb/clik_installs/code/planck/code/plc_3.0/plc-3.1/lib/python/site-packages/clik/lkl_lensing.cpython-38-x86_64-linux-gnu.so (from build/src/python/lkl_lensing.cpython-38-x86_64-linux-gnu.so)
+ install /rds/user/wnd22/hpc-work/Polychord_solveb/clik_installs/code/planck/code/plc_3.0/plc-3.1/lib/libclik_f90.so (from build/src/libclik_f90.so)
+ install /rds/user/wnd22/hpc-work/Polychord_solveb/clik_installs/code/planck/code/plc_3.0/plc-3.1/lib/python/site-packages/clik/lkl.cpython-38-x86_64-linux-gnu.so (from build/src/python/lkl.cpython-38-x86_64-linux-gnu.so)
+ install /rds/user/wnd22/hpc-work/Polychord_solveb/clik_installs/code/planck/code/plc_3.0/plc-3.1/bin/clik_example_C (from build/src/clik_example_C)
+ install /rds/user/wnd22/hpc-work/Polychord_solveb/clik_installs/code/planck/code/plc_3.0/plc-3.1/lib/python/site-packages/clik/rel2015.cpython-38-x86_64-linux-gnu.so (from build/src/python/rel2015.cpython-38-x86_64-linux-gnu.so)
+ install /rds/user/wnd22/hpc-work/Polychord_solveb/clik_installs/code/planck/code/plc_3.0/plc-3.1/lib/python/site-packages/clik/parametric.cpython-38-x86_64-linux-gnu.so (from build/src/python/parametric.cpython-38-x86_64-linux-gnu.so)
+ install /rds/user/wnd22/hpc-work/Polychord_solveb/clik_installs/code/planck/code/plc_3.0/plc-3.1/bin/clik_example_f90 (from build/src/clik_example_f90)
Waf: Leaving directory `/rds/user/wnd22/hpc-work/Polychord_solveb/clik_installs/code/planck/code/plc_3.0/plc-3.1/build'

*----------------------------------------------------*
|                                                    |
|   Source clik_profile.sh (or clik_profile.csh)     |
|   to set the environment variables needed by clik  |
|                                                    |
*----------------------------------------------------*

'install' finished successfully (7.761s)
Changed directory to /home/wnd22/rds/hpc-work/Will_CPT/Higher_Order_Finding_U_Matrices/find_integer_allowedK/cosmo_param_direc/find_bestfit_As_ns_tau.

Running Python script...
[I 2026-07-24 14:45:39,844] A new study created in memory with name: no-name-c94f6c54-ccad-4422-9493-2602613099dc
[I 2026-07-24 14:45:59,135] Trial 0 finished with value: 10255.263926602587 and parameters: {'As': 1.9235288740656886, 'ns': 0.9288933679259694, 'tau': 0.03681281895297551}. Best is trial 0 with value: 10255.263926602587.
[I 2026-07-24 14:46:18,180] Trial 1 finished with value: 185804.31304960683 and parameters: {'As': 2.85073263342647, 'ns': 1.0629542323410912, 'tau': 0.031048209527992233}. Best is trial 0 with value: 10255.263926602587.
[I 2026-07-24 14:46:37,298] Trial 2 finished with value: 2e+30 and parameters: {'As': 1.5181294660403182, 'ns': 0.9881295293826285, 'tau': 0.05503840642443715}. Best is trial 0 with value: 10255.263926602587.
[I 2026-07-24 14:46:56,313] Trial 3 finished with value: 2e+30 and parameters: {'As': 2.0187703172971014, 'ns': 1.0916293625544706, 'tau': 0.07794395101955812}. Best is trial 0 with value: 10255.263926602587.
[I 2026-07-24 14:47:15,187] Trial 4 finished with value: 2e+30 and parameters: {'As': 1.7989830916901453, 'ns': 1.00715095469212, 'tau': 0.04701986111385392}. Best is trial 0 with value: 10255.263926602587.
[I 2026-07-24 14:47:34,157] Trial 5 finished with value: 2e+30 and parameters: {'As': 2.0612574742264744, 'ns': 1.05897947305625, 'tau': 0.07246141761961314}. Best is trial 0 with value: 10255.263926602587.
[I 2026-07-24 14:47:53,017] Trial 6 finished with value: 2e+30 and parameters: {'As': 2.289417347506284, 'ns': 1.060339532583332, 'tau': 0.03410017312261311}. Best is trial 0 with value: 10255.263926602587.
[I 2026-07-24 14:48:11,890] Trial 7 finished with value: 2e+30 and parameters: {'As': 1.601650681610719, 'ns': 0.9856040431288118, 'tau': 0.03768943301358096}. Best is trial 0 with value: 10255.263926602587.
[I 2026-07-24 14:48:30,827] Trial 8 finished with value: 2e+30 and parameters: {'As': 2.0049791114751163, 'ns': 0.9970137160970427, 'tau': 0.06513895169390166}. Best is trial 0 with value: 10255.263926602587.
[I 2026-07-24 14:48:49,696] Trial 9 finished with value: 67792.46204573802 and parameters: {'As': 2.786837417671893, 'ns': 0.9772851558967104, 'tau': 0.06735097103503138}. Best is trial 0 with value: 10255.263926602587.
[I 2026-07-24 14:49:08,817] Trial 10 finished with value: 317928.7816315753 and parameters: {'As': 3.4922553938168246, 'ns': 0.9025972470250628, 'tau': 0.04584305682394012}. Best is trial 0 with value: 10255.263926602587.
[I 2026-07-24 14:49:27,765] Trial 11 finished with value: 50290.35984444658 and parameters: {'As': 2.73344828625463, 'ns': 0.93075454860898, 'tau': 0.06354052731367521}. Best is trial 0 with value: 10255.263926602587.
[I 2026-07-24 14:49:46,712] Trial 12 finished with value: 36025.081013749215 and parameters: {'As': 2.636477207699589, 'ns': 0.9101014678269688, 'tau': 0.05787736592743355}. Best is trial 0 with value: 10255.263926602587.
[I 2026-07-24 14:50:05,988] Trial 13 finished with value: 174945.46388058935 and parameters: {'As': 3.1604040409401484, 'ns': 0.9313404839551027, 'tau': 0.05474182844938708}. Best is trial 0 with value: 10255.263926602587.
[I 2026-07-24 14:50:25,253] Trial 14 finished with value: 9454.117524189784 and parameters: {'As': 2.3083026747946866, 'ns': 0.9024864209076886, 'tau': 0.0429929597812414}. Best is trial 14 with value: 9454.117524189784.
[I 2026-07-24 14:50:44,417] Trial 15 finished with value: 16051.42237716186 and parameters: {'As': 2.348723205049209, 'ns': 0.9518954917430861, 'tau': 0.04138930382499888}. Best is trial 14 with value: 9454.117524189784.
[I 2026-07-24 14:51:03,747] Trial 16 finished with value: 14939.728840151558 and parameters: {'As': 2.362002774382275, 'ns': 0.9536057190468177, 'tau': 0.0472093171733565}. Best is trial 14 with value: 9454.117524189784.
[I 2026-07-24 14:51:22,754] Trial 17 finished with value: 15808.708452420819 and parameters: {'As': 1.8685524371820312, 'ns': 0.9268339512428312, 'tau': 0.04036381818383316}. Best is trial 14 with value: 9454.117524189784.
[I 2026-07-24 14:51:41,788] Trial 18 finished with value: 9171.096635288952 and parameters: {'As': 2.2307144721141428, 'ns': 0.9524617902711112, 'tau': 0.03482892794380133}. Best is trial 18 with value: 9171.096635288952.
[I 2026-07-24 14:52:00,765] Trial 19 finished with value: 32395.738103195148 and parameters: {'As': 2.486506701996168, 'ns': 0.9607892900997176, 'tau': 0.04377224809483233}. Best is trial 18 with value: 9171.096635288952.
